<?xml version="1.0" encoding="UTF-8"?>
<coverage generated="1766970789973" clover="3.2.0">
  <project timestamp="1766970789973" name="All files">
    <metrics statements="69" coveredstatements="60" conditionals="32" coveredconditionals="23" methods="15" coveredmethods="11" elements="116" coveredelements="94" complexity="0" loc="69" ncloc="69" packages="1" files="1" classes="1"/>
    <file name="script.js" path="/Users/aapark/development/the_daily_undertaking_ui/js/script.js">
      <metrics statements="69" coveredstatements="60" conditionals="32" coveredconditionals="23" methods="15" coveredmethods="11"/>
      <line num="4" count="2" type="stmt"/>
      <line num="5" count="2" type="stmt"/>
      <line num="6" count="2" type="stmt"/>
      <line num="10" count="8" type="stmt"/>
      <line num="11" count="8" type="stmt"/>
      <line num="12" count="16" type="stmt"/>
      <line num="13" count="2" type="stmt"/>
      <line num="14" count="1" type="stmt"/>
      <line num="17" count="1" type="stmt"/>
      <line num="22" count="8" type="stmt"/>
      <line num="23" count="8" type="stmt"/>
      <line num="25" count="8" type="stmt"/>
      <line num="26" count="2" type="cond" truecount="4" falsecount="0"/>
      <line num="27" count="1" type="stmt"/>
      <line num="28" count="1" type="stmt"/>
      <line num="30" count="1" type="cond" truecount="1" falsecount="1"/>
      <line num="32" count="1" type="stmt"/>
      <line num="33" count="1" type="stmt"/>
      <line num="34" count="1" type="stmt"/>
      <line num="35" count="1" type="stmt"/>
      <line num="38" count="1" type="stmt"/>
      <line num="39" count="0" type="stmt"/>
      <line num="40" count="0" type="stmt"/>
      <line num="41" count="0" type="stmt"/>
      <line num="43" count="0" type="stmt"/>
      <line num="44" count="0" type="stmt"/>
      <line num="47" count="1" type="stmt"/>
      <line num="48" count="1" type="stmt"/>
      <line num="60" count="2" type="cond" truecount="2" falsecount="0"/>
      <line num="62" count="1" type="stmt"/>
      <line num="63" count="1" type="stmt"/>
      <line num="64" count="1" type="stmt"/>
      <line num="66" count="1" type="cond" truecount="4" falsecount="1"/>
      <line num="67" count="1" type="stmt"/>
      <line num="68" count="1" type="stmt"/>
      <line num="69" count="1" type="stmt"/>
      <line num="71" count="1" type="cond" truecount="1" falsecount="1"/>
      <line num="73" count="1" type="stmt"/>
      <line num="74" count="1" type="stmt"/>
      <line num="75" count="1" type="stmt"/>
      <line num="77" count="1" type="cond" truecount="4" falsecount="1"/>
      <line num="78" count="1" type="stmt"/>
      <line num="79" count="1" type="stmt"/>
      <line num="80" count="1" type="cond" truecount="1" falsecount="1"/>
      <line num="85" count="2" type="cond" truecount="3" falsecount="1"/>
      <line num="86" count="2" type="stmt"/>
      <line num="91" count="37" type="stmt"/>
      <line num="95" count="8" type="cond" truecount="1" falsecount="1"/>
      <line num="96" count="8" type="stmt"/>
      <line num="97" count="8" type="stmt"/>
      <line num="98" count="8" type="stmt"/>
      <line num="102" count="8" type="stmt"/>
      <line num="103" count="36" type="stmt"/>
      <line num="106" count="36" type="stmt"/>
      <line num="107" count="0" type="cond" truecount="0" falsecount="2"/>
      <line num="108" count="0" type="stmt"/>
      <line num="113" count="36" type="stmt"/>
      <line num="114" count="36" type="stmt"/>
      <line num="115" count="36" type="stmt"/>
      <line num="116" count="36" type="stmt"/>
      <line num="117" count="0" type="stmt"/>
      <line num="122" count="36" type="stmt"/>
      <line num="123" count="36" type="stmt"/>
      <line num="124" count="36" type="stmt"/>
      <line num="125" count="36" type="stmt"/>
      <line num="126" count="0" type="stmt"/>
      <line num="131" count="36" type="stmt"/>
      <line num="132" count="72" type="cond" truecount="2" falsecount="0"/>
      <line num="133" count="36" type="stmt"/>
    </file>
  </project>
</coverage>
