{"/Users/aapark/development/the_daily_undertaking_ui/js/popup-manager.js": {"path":"/Users/aapark/development/the_daily_undertaking_ui/js/popup-manager.js","statementMap":{"0":{"start":{"line":21,"column":2},"end":{"line":23,"column":3}},"1":{"start":{"line":22,"column":4},"end":{"line":22,"column":64}},"2":{"start":{"line":25,"column":18},"end":{"line":25,"column":33}},"3":{"start":{"line":27,"column":2},"end":{"line":32,"column":3}},"4":{"start":{"line":28,"column":4},"end":{"line":31,"column":6}},"5":{"start":{"line":34,"column":23},"end":{"line":34,"column":40}},"6":{"start":{"line":35,"column":2},"end":{"line":40,"column":3}},"7":{"start":{"line":36,"column":4},"end":{"line":39,"column":6}},"8":{"start":{"line":42,"column":2},"end":{"line":47,"column":3}},"9":{"start":{"line":43,"column":4},"end":{"line":46,"column":6}},"10":{"start":{"line":49,"column":2},"end":{"line":49,"column":36}},"11":{"start":{"line":58,"column":2},"end":{"line":60,"column":3}},"12":{"start":{"line":59,"column":4},"end":{"line":59,"column":75}},"13":{"start":{"line":62,"column":18},"end":{"line":62,"column":30}},"14":{"start":{"line":63,"column":23},"end":{"line":63,"column":51}},"15":{"start":{"line":65,"column":2},"end":{"line":70,"column":3}},"16":{"start":{"line":66,"column":4},"end":{"line":69,"column":6}},"17":{"start":{"line":72,"column":2},"end":{"line":72,"column":36}},"18":{"start":{"line":81,"column":2},"end":{"line":87,"column":3}},"19":{"start":{"line":82,"column":4},"end":{"line":86,"column":6}},"20":{"start":{"line":89,"column":2},"end":{"line":95,"column":3}},"21":{"start":{"line":90,"column":4},"end":{"line":94,"column":6}},"22":{"start":{"line":97,"column":23},"end":{"line":97,"column":45}},"23":{"start":{"line":98,"column":23},"end":{"line":98,"column":45}},"24":{"start":{"line":99,"column":20},"end":{"line":99,"column":39}},"25":{"start":{"line":100,"column":21},"end":{"line":100,"column":60}},"26":{"start":{"line":102,"column":2},"end":{"line":108,"column":3}},"27":{"start":{"line":103,"column":4},"end":{"line":107,"column":6}},"28":{"start":{"line":110,"column":2},"end":{"line":116,"column":3}},"29":{"start":{"line":111,"column":4},"end":{"line":115,"column":6}},"30":{"start":{"line":118,"column":2},"end":{"line":124,"column":3}},"31":{"start":{"line":119,"column":4},"end":{"line":123,"column":6}},"32":{"start":{"line":127,"column":17},"end":{"line":127,"column":25}},"33":{"start":{"line":128,"column":2},"end":{"line":132,"column":3}},"34":{"start":{"line":129,"column":4},"end":{"line":129,"column":24}},"35":{"start":{"line":130,"column":9},"end":{"line":132,"column":3}},"36":{"start":{"line":131,"column":4},"end":{"line":131,"column":24}},"37":{"start":{"line":134,"column":2},"end":{"line":134,"column":46}},"38":{"start":{"line":144,"column":2},"end":{"line":146,"column":3}},"39":{"start":{"line":145,"column":4},"end":{"line":145,"column":65}},"40":{"start":{"line":148,"column":2},"end":{"line":150,"column":3}},"41":{"start":{"line":149,"column":4},"end":{"line":149,"column":59}},"42":{"start":{"line":152,"column":2},"end":{"line":152,"column":36}},"43":{"start":{"line":161,"column":2},"end":{"line":161,"column":43}},"44":{"start":{"line":161,"column":33},"end":{"line":161,"column":43}},"45":{"start":{"line":163,"column":14},"end":{"line":163,"column":43}},"46":{"start":{"line":164,"column":2},"end":{"line":164,"column":26}},"47":{"start":{"line":165,"column":2},"end":{"line":165,"column":23}},"48":{"start":{"line":176,"column":18},"end":{"line":176,"column":63}},"49":{"start":{"line":177,"column":23},"end":{"line":177,"column":55}},"50":{"start":{"line":179,"column":2},"end":{"line":183,"column":3}},"51":{"start":{"line":180,"column":4},"end":{"line":180,"column":39}},"52":{"start":{"line":181,"column":4},"end":{"line":181,"column":40}},"53":{"start":{"line":182,"column":4},"end":{"line":182,"column":43}},"54":{"start":{"line":191,"column":18},"end":{"line":191,"column":63}},"55":{"start":{"line":192,"column":21},"end":{"line":192,"column":53}},"56":{"start":{"line":195,"column":2},"end":{"line":198,"column":3}},"57":{"start":{"line":196,"column":30},"end":{"line":196,"column":86}},"58":{"start":{"line":197,"column":4},"end":{"line":197,"column":65}},"59":{"start":{"line":200,"column":2},"end":{"line":203,"column":3}},"60":{"start":{"line":201,"column":4},"end":{"line":201,"column":34}},"61":{"start":{"line":202,"column":4},"end":{"line":202,"column":43}},"62":{"start":{"line":211,"column":2},"end":{"line":211,"column":31}},"63":{"start":{"line":212,"column":2},"end":{"line":212,"column":38}},"64":{"start":{"line":221,"column":23},"end":{"line":221,"column":63}},"65":{"start":{"line":222,"column":2},"end":{"line":225,"column":3}},"66":{"start":{"line":223,"column":4},"end":{"line":223,"column":54}},"67":{"start":{"line":224,"column":4},"end":{"line":224,"column":42}},"68":{"start":{"line":233,"column":23},"end":{"line":233,"column":63}},"69":{"start":{"line":234,"column":2},"end":{"line":237,"column":3}},"70":{"start":{"line":235,"column":4},"end":{"line":235,"column":34}},"71":{"start":{"line":236,"column":4},"end":{"line":236,"column":45}},"72":{"start":{"line":246,"column":21},"end":{"line":246,"column":47}},"73":{"start":{"line":247,"column":23},"end":{"line":247,"column":70}},"74":{"start":{"line":248,"column":24},"end":{"line":248,"column":72}},"75":{"start":{"line":250,"column":2},"end":{"line":254,"column":3}},"76":{"start":{"line":251,"column":4},"end":{"line":251,"column":55}},"77":{"start":{"line":252,"column":4},"end":{"line":252,"column":42}},"78":{"start":{"line":253,"column":4},"end":{"line":253,"column":11}},"79":{"start":{"line":256,"column":2},"end":{"line":256,"column":66}},"80":{"start":{"line":258,"column":25},"end":{"line":262,"column":3}},"81":{"start":{"line":264,"column":2},"end":{"line":264,"column":79}},"82":{"start":{"line":275,"column":21},"end":{"line":275,"column":63}},"83":{"start":{"line":277,"column":2},"end":{"line":283,"column":3}},"84":{"start":{"line":278,"column":4},"end":{"line":278,"column":47}},"85":{"start":{"line":279,"column":4},"end":{"line":279,"column":33}},"86":{"start":{"line":281,"column":4},"end":{"line":281,"column":51}},"87":{"start":{"line":282,"column":4},"end":{"line":282,"column":34}},"88":{"start":{"line":294,"column":2},"end":{"line":306,"column":5}},"89":{"start":{"line":295,"column":18},"end":{"line":295,"column":43}},"90":{"start":{"line":297,"column":4},"end":{"line":305,"column":5}},"91":{"start":{"line":298,"column":25},"end":{"line":298,"column":49}},"92":{"start":{"line":300,"column":6},"end":{"line":304,"column":7}},"93":{"start":{"line":301,"column":8},"end":{"line":301,"column":37}},"94":{"start":{"line":303,"column":8},"end":{"line":303,"column":55}},"95":{"start":{"line":308,"column":2},"end":{"line":312,"column":5}},"96":{"start":{"line":309,"column":4},"end":{"line":311,"column":5}},"97":{"start":{"line":310,"column":6},"end":{"line":310,"column":35}},"98":{"start":{"line":321,"column":2},"end":{"line":334,"column":5}},"99":{"start":{"line":322,"column":21},"end":{"line":322,"column":40}},"100":{"start":{"line":323,"column":20},"end":{"line":323,"column":38}},"101":{"start":{"line":325,"column":4},"end":{"line":333,"column":5}},"102":{"start":{"line":326,"column":25},"end":{"line":326,"column":65}},"103":{"start":{"line":328,"column":6},"end":{"line":332,"column":7}},"104":{"start":{"line":329,"column":8},"end":{"line":329,"column":37}},"105":{"start":{"line":331,"column":8},"end":{"line":331,"column":55}},"106":{"start":{"line":336,"column":2},"end":{"line":340,"column":5}},"107":{"start":{"line":337,"column":4},"end":{"line":339,"column":5}},"108":{"start":{"line":338,"column":6},"end":{"line":338,"column":35}},"109":{"start":{"line":350,"column":16},"end":{"line":350,"column":48}},"110":{"start":{"line":351,"column":2},"end":{"line":358,"column":3}},"111":{"start":{"line":352,"column":4},"end":{"line":352,"column":34}},"112":{"start":{"line":354,"column":23},"end":{"line":354,"column":72}},"113":{"start":{"line":355,"column":4},"end":{"line":357,"column":5}},"114":{"start":{"line":356,"column":6},"end":{"line":356,"column":48}},"115":{"start":{"line":356,"column":23},"end":{"line":356,"column":41}},"116":{"start":{"line":366,"column":16},"end":{"line":366,"column":48}},"117":{"start":{"line":367,"column":2},"end":{"line":391,"column":3}},"118":{"start":{"line":368,"column":4},"end":{"line":368,"column":37}},"119":{"start":{"line":370,"column":17},"end":{"line":370,"column":44}},"120":{"start":{"line":371,"column":4},"end":{"line":390,"column":5}},"121":{"start":{"line":372,"column":6},"end":{"line":372,"column":26}},"122":{"start":{"line":374,"column":21},"end":{"line":374,"column":52}},"123":{"start":{"line":375,"column":6},"end":{"line":389,"column":9}},"124":{"start":{"line":376,"column":8},"end":{"line":376,"column":49}},"125":{"start":{"line":378,"column":24},"end":{"line":378,"column":62}},"126":{"start":{"line":379,"column":8},"end":{"line":388,"column":9}},"127":{"start":{"line":380,"column":27},"end":{"line":380,"column":45}},"128":{"start":{"line":381,"column":10},"end":{"line":387,"column":13}},"129":{"start":{"line":382,"column":33},"end":{"line":382,"column":60}},"130":{"start":{"line":383,"column":12},"end":{"line":386,"column":13}},"131":{"start":{"line":384,"column":14},"end":{"line":384,"column":44}},"132":{"start":{"line":385,"column":14},"end":{"line":385,"column":55}},"133":{"start":{"line":400,"column":2},"end":{"line":402,"column":3}},"134":{"start":{"line":401,"column":4},"end":{"line":401,"column":28}},"135":{"start":{"line":413,"column":16},"end":{"line":413,"column":48}},"136":{"start":{"line":414,"column":23},"end":{"line":414,"column":61}},"137":{"start":{"line":416,"column":2},"end":{"line":420,"column":3}},"138":{"start":{"line":417,"column":4},"end":{"line":417,"column":39}},"139":{"start":{"line":418,"column":4},"end":{"line":418,"column":38}},"140":{"start":{"line":419,"column":4},"end":{"line":419,"column":34}},"141":{"start":{"line":423,"column":2},"end":{"line":425,"column":5}},"142":{"start":{"line":424,"column":4},"end":{"line":424,"column":27}},"143":{"start":{"line":433,"column":16},"end":{"line":433,"column":48}},"144":{"start":{"line":435,"column":2},"end":{"line":437,"column":3}},"145":{"start":{"line":436,"column":4},"end":{"line":436,"column":37}},"146":{"start":{"line":440,"column":2},"end":{"line":442,"column":5}},"147":{"start":{"line":441,"column":4},"end":{"line":441,"column":28}},"148":{"start":{"line":452,"column":16},"end":{"line":452,"column":48}},"149":{"start":{"line":453,"column":23},"end":{"line":453,"column":61}},"150":{"start":{"line":454,"column":21},"end":{"line":454,"column":57}},"151":{"start":{"line":456,"column":2},"end":{"line":461,"column":3}},"152":{"start":{"line":457,"column":4},"end":{"line":457,"column":35}},"153":{"start":{"line":458,"column":4},"end":{"line":458,"column":39}},"154":{"start":{"line":459,"column":4},"end":{"line":459,"column":35}},"155":{"start":{"line":460,"column":4},"end":{"line":460,"column":34}},"156":{"start":{"line":471,"column":16},"end":{"line":471,"column":49}},"157":{"start":{"line":472,"column":2},"end":{"line":472,"column":17}},"158":{"start":{"line":480,"column":2},"end":{"line":480,"column":43}},"159":{"start":{"line":488,"column":2},"end":{"line":488,"column":43}},"160":{"start":{"line":495,"column":2},"end":{"line":495,"column":39}},"161":{"start":{"line":504,"column":2},"end":{"line":510,"column":3}},"162":{"start":{"line":506,"column":4},"end":{"line":508,"column":5}},"163":{"start":{"line":507,"column":6},"end":{"line":507,"column":37}},"164":{"start":{"line":509,"column":4},"end":{"line":509,"column":11}},"165":{"start":{"line":511,"column":2},"end":{"line":511,"column":37}},"166":{"start":{"line":519,"column":2},"end":{"line":524,"column":3}},"167":{"start":{"line":520,"column":4},"end":{"line":522,"column":5}},"168":{"start":{"line":521,"column":6},"end":{"line":521,"column":37}},"169":{"start":{"line":523,"column":4},"end":{"line":523,"column":11}},"170":{"start":{"line":525,"column":2},"end":{"line":525,"column":38}}},"fnMap":{"0":{"name":"validateUsername","decl":{"start":{"line":20,"column":16},"end":{"line":20,"column":32}},"loc":{"start":{"line":20,"column":43},"end":{"line":50,"column":1}},"line":20},"1":{"name":"validateEmail","decl":{"start":{"line":57,"column":16},"end":{"line":57,"column":29}},"loc":{"start":{"line":57,"column":37},"end":{"line":73,"column":1}},"line":57},"2":{"name":"validatePassword","decl":{"start":{"line":80,"column":16},"end":{"line":80,"column":32}},"loc":{"start":{"line":80,"column":43},"end":{"line":135,"column":1}},"line":80},"3":{"name":"validatePasswordMatch","decl":{"start":{"line":143,"column":16},"end":{"line":143,"column":37}},"loc":{"start":{"line":143,"column":65},"end":{"line":153,"column":1}},"line":143},"4":{"name":"sanitizeInput","decl":{"start":{"line":160,"column":16},"end":{"line":160,"column":29}},"loc":{"start":{"line":160,"column":37},"end":{"line":166,"column":1}},"line":160},"5":{"name":"showFieldError","decl":{"start":{"line":175,"column":16},"end":{"line":175,"column":30}},"loc":{"start":{"line":175,"column":54},"end":{"line":184,"column":1}},"line":175},"6":{"name":"hideFieldError","decl":{"start":{"line":190,"column":16},"end":{"line":190,"column":30}},"loc":{"start":{"line":190,"column":45},"end":{"line":204,"column":1}},"line":190},"7":{"name":"markFieldValid","decl":{"start":{"line":210,"column":16},"end":{"line":210,"column":30}},"loc":{"start":{"line":210,"column":45},"end":{"line":213,"column":1}},"line":210},"8":{"name":"showFormError","decl":{"start":{"line":220,"column":16},"end":{"line":220,"column":29}},"loc":{"start":{"line":220,"column":52},"end":{"line":226,"column":1}},"line":220},"9":{"name":"hideFormError","decl":{"start":{"line":232,"column":16},"end":{"line":232,"column":29}},"loc":{"start":{"line":232,"column":43},"end":{"line":238,"column":1}},"line":232},"10":{"name":"updatePasswordStrength","decl":{"start":{"line":245,"column":16},"end":{"line":245,"column":38}},"loc":{"start":{"line":245,"column":66},"end":{"line":265,"column":1}},"line":245},"11":{"name":"togglePasswordVisibility","decl":{"start":{"line":274,"column":16},"end":{"line":274,"column":40}},"loc":{"start":{"line":274,"column":70},"end":{"line":284,"column":1}},"line":274},"12":{"name":"attachFieldValidation","decl":{"start":{"line":293,"column":16},"end":{"line":293,"column":37}},"loc":{"start":{"line":293,"column":71},"end":{"line":313,"column":1}},"line":293},"13":{"name":"(anonymous_13)","decl":{"start":{"line":294,"column":40},"end":{"line":294,"column":41}},"loc":{"start":{"line":294,"column":46},"end":{"line":306,"column":3}},"line":294},"14":{"name":"(anonymous_14)","decl":{"start":{"line":308,"column":41},"end":{"line":308,"column":42}},"loc":{"start":{"line":308,"column":47},"end":{"line":312,"column":3}},"line":308},"15":{"name":"attachPasswordMatchValidation","decl":{"start":{"line":320,"column":16},"end":{"line":320,"column":45}},"loc":{"start":{"line":320,"column":75},"end":{"line":341,"column":1}},"line":320},"16":{"name":"(anonymous_16)","decl":{"start":{"line":321,"column":40},"end":{"line":321,"column":41}},"loc":{"start":{"line":321,"column":46},"end":{"line":334,"column":3}},"line":321},"17":{"name":"(anonymous_17)","decl":{"start":{"line":336,"column":41},"end":{"line":336,"column":42}},"loc":{"start":{"line":336,"column":47},"end":{"line":340,"column":3}},"line":336},"18":{"name":"openFormModal","decl":{"start":{"line":349,"column":16},"end":{"line":349,"column":29}},"loc":{"start":{"line":349,"column":39},"end":{"line":359,"column":1}},"line":349},"19":{"name":"(anonymous_19)","decl":{"start":{"line":356,"column":17},"end":{"line":356,"column":18}},"loc":{"start":{"line":356,"column":23},"end":{"line":356,"column":41}},"line":356},"20":{"name":"closeFormModal","decl":{"start":{"line":365,"column":16},"end":{"line":365,"column":30}},"loc":{"start":{"line":365,"column":40},"end":{"line":392,"column":1}},"line":365},"21":{"name":"(anonymous_21)","decl":{"start":{"line":375,"column":21},"end":{"line":375,"column":22}},"loc":{"start":{"line":375,"column":32},"end":{"line":389,"column":7}},"line":375},"22":{"name":"(anonymous_22)","decl":{"start":{"line":381,"column":27},"end":{"line":381,"column":28}},"loc":{"start":{"line":381,"column":35},"end":{"line":387,"column":11}},"line":381},"23":{"name":"handleModalOverlayClick","decl":{"start":{"line":399,"column":16},"end":{"line":399,"column":39}},"loc":{"start":{"line":399,"column":56},"end":{"line":403,"column":1}},"line":399},"24":{"name":"showLoadingModal","decl":{"start":{"line":412,"column":16},"end":{"line":412,"column":32}},"loc":{"start":{"line":412,"column":51},"end":{"line":426,"column":1}},"line":412},"25":{"name":"(anonymous_25)","decl":{"start":{"line":423,"column":54},"end":{"line":423,"column":55}},"loc":{"start":{"line":423,"column":66},"end":{"line":425,"column":3}},"line":423},"26":{"name":"hideLoadingModal","decl":{"start":{"line":432,"column":16},"end":{"line":432,"column":32}},"loc":{"start":{"line":432,"column":42},"end":{"line":443,"column":1}},"line":432},"27":{"name":"(anonymous_27)","decl":{"start":{"line":440,"column":54},"end":{"line":440,"column":55}},"loc":{"start":{"line":440,"column":66},"end":{"line":442,"column":3}},"line":440},"28":{"name":"showSuccessModal","decl":{"start":{"line":451,"column":16},"end":{"line":451,"column":32}},"loc":{"start":{"line":451,"column":85},"end":{"line":462,"column":1}},"line":451},"29":{"name":"isAuthenticated","decl":{"start":{"line":470,"column":16},"end":{"line":470,"column":31}},"loc":{"start":{"line":470,"column":34},"end":{"line":473,"column":1}},"line":470},"30":{"name":"getAuthToken","decl":{"start":{"line":479,"column":16},"end":{"line":479,"column":28}},"loc":{"start":{"line":479,"column":31},"end":{"line":481,"column":1}},"line":479},"31":{"name":"setAuthToken","decl":{"start":{"line":487,"column":16},"end":{"line":487,"column":28}},"loc":{"start":{"line":487,"column":36},"end":{"line":489,"column":1}},"line":487},"32":{"name":"clearAuthToken","decl":{"start":{"line":494,"column":16},"end":{"line":494,"column":30}},"loc":{"start":{"line":494,"column":33},"end":{"line":496,"column":1}},"line":494},"33":{"name":"redirectToGame","decl":{"start":{"line":501,"column":16},"end":{"line":501,"column":30}},"loc":{"start":{"line":501,"column":33},"end":{"line":512,"column":1}},"line":501},"34":{"name":"redirectToDaily","decl":{"start":{"line":517,"column":16},"end":{"line":517,"column":31}},"loc":{"start":{"line":517,"column":34},"end":{"line":526,"column":1}},"line":517}},"branchMap":{"0":{"loc":{"start":{"line":21,"column":2},"end":{"line":23,"column":3}},"type":"if","locations":[{"start":{"line":21,"column":2},"end":{"line":23,"column":3}},{"start":{},"end":{}}],"line":21},"1":{"loc":{"start":{"line":21,"column":6},"end":{"line":21,"column":41}},"type":"binary-expr","locations":[{"start":{"line":21,"column":6},"end":{"line":21,"column":15}},{"start":{"line":21,"column":19},"end":{"line":21,"column":41}}],"line":21},"2":{"loc":{"start":{"line":27,"column":2},"end":{"line":32,"column":3}},"type":"if","locations":[{"start":{"line":27,"column":2},"end":{"line":32,"column":3}},{"start":{},"end":{}}],"line":27},"3":{"loc":{"start":{"line":27,"column":6},"end":{"line":27,"column":47}},"type":"binary-expr","locations":[{"start":{"line":27,"column":6},"end":{"line":27,"column":24}},{"start":{"line":27,"column":28},"end":{"line":27,"column":47}}],"line":27},"4":{"loc":{"start":{"line":35,"column":2},"end":{"line":40,"column":3}},"type":"if","locations":[{"start":{"line":35,"column":2},"end":{"line":40,"column":3}},{"start":{},"end":{}}],"line":35},"5":{"loc":{"start":{"line":42,"column":2},"end":{"line":47,"column":3}},"type":"if","locations":[{"start":{"line":42,"column":2},"end":{"line":47,"column":3}},{"start":{},"end":{}}],"line":42},"6":{"loc":{"start":{"line":58,"column":2},"end":{"line":60,"column":3}},"type":"if","locations":[{"start":{"line":58,"column":2},"end":{"line":60,"column":3}},{"start":{},"end":{}}],"line":58},"7":{"loc":{"start":{"line":58,"column":6},"end":{"line":58,"column":35}},"type":"binary-expr","locations":[{"start":{"line":58,"column":6},"end":{"line":58,"column":12}},{"start":{"line":58,"column":16},"end":{"line":58,"column":35}}],"line":58},"8":{"loc":{"start":{"line":65,"column":2},"end":{"line":70,"column":3}},"type":"if","locations":[{"start":{"line":65,"column":2},"end":{"line":70,"column":3}},{"start":{},"end":{}}],"line":65},"9":{"loc":{"start":{"line":81,"column":2},"end":{"line":87,"column":3}},"type":"if","locations":[{"start":{"line":81,"column":2},"end":{"line":87,"column":3}},{"start":{},"end":{}}],"line":81},"10":{"loc":{"start":{"line":81,"column":6},"end":{"line":81,"column":34}},"type":"binary-expr","locations":[{"start":{"line":81,"column":6},"end":{"line":81,"column":15}},{"start":{"line":81,"column":19},"end":{"line":81,"column":34}}],"line":81},"11":{"loc":{"start":{"line":89,"column":2},"end":{"line":95,"column":3}},"type":"if","locations":[{"start":{"line":89,"column":2},"end":{"line":95,"column":3}},{"start":{},"end":{}}],"line":89},"12":{"loc":{"start":{"line":102,"column":2},"end":{"line":108,"column":3}},"type":"if","locations":[{"start":{"line":102,"column":2},"end":{"line":108,"column":3}},{"start":{},"end":{}}],"line":102},"13":{"loc":{"start":{"line":110,"column":2},"end":{"line":116,"column":3}},"type":"if","locations":[{"start":{"line":110,"column":2},"end":{"line":116,"column":3}},{"start":{},"end":{}}],"line":110},"14":{"loc":{"start":{"line":118,"column":2},"end":{"line":124,"column":3}},"type":"if","locations":[{"start":{"line":118,"column":2},"end":{"line":124,"column":3}},{"start":{},"end":{}}],"line":118},"15":{"loc":{"start":{"line":128,"column":2},"end":{"line":132,"column":3}},"type":"if","locations":[{"start":{"line":128,"column":2},"end":{"line":132,"column":3}},{"start":{"line":130,"column":9},"end":{"line":132,"column":3}}],"line":128},"16":{"loc":{"start":{"line":128,"column":6},"end":{"line":128,"column":41}},"type":"binary-expr","locations":[{"start":{"line":128,"column":6},"end":{"line":128,"column":27}},{"start":{"line":128,"column":31},"end":{"line":128,"column":41}}],"line":128},"17":{"loc":{"start":{"line":130,"column":9},"end":{"line":132,"column":3}},"type":"if","locations":[{"start":{"line":130,"column":9},"end":{"line":132,"column":3}},{"start":{},"end":{}}],"line":130},"18":{"loc":{"start":{"line":130,"column":13},"end":{"line":130,"column":48}},"type":"binary-expr","locations":[{"start":{"line":130,"column":13},"end":{"line":130,"column":34}},{"start":{"line":130,"column":38},"end":{"line":130,"column":48}}],"line":130},"19":{"loc":{"start":{"line":144,"column":2},"end":{"line":146,"column":3}},"type":"if","locations":[{"start":{"line":144,"column":2},"end":{"line":146,"column":3}},{"start":{},"end":{}}],"line":144},"20":{"loc":{"start":{"line":144,"column":6},"end":{"line":144,"column":48}},"type":"binary-expr","locations":[{"start":{"line":144,"column":6},"end":{"line":144,"column":22}},{"start":{"line":144,"column":26},"end":{"line":144,"column":48}}],"line":144},"21":{"loc":{"start":{"line":148,"column":2},"end":{"line":150,"column":3}},"type":"if","locations":[{"start":{"line":148,"column":2},"end":{"line":150,"column":3}},{"start":{},"end":{}}],"line":148},"22":{"loc":{"start":{"line":161,"column":2},"end":{"line":161,"column":43}},"type":"if","locations":[{"start":{"line":161,"column":2},"end":{"line":161,"column":43}},{"start":{},"end":{}}],"line":161},"23":{"loc":{"start":{"line":179,"column":2},"end":{"line":183,"column":3}},"type":"if","locations":[{"start":{"line":179,"column":2},"end":{"line":183,"column":3}},{"start":{},"end":{}}],"line":179},"24":{"loc":{"start":{"line":195,"column":2},"end":{"line":198,"column":3}},"type":"if","locations":[{"start":{"line":195,"column":2},"end":{"line":198,"column":3}},{"start":{},"end":{}}],"line":195},"25":{"loc":{"start":{"line":200,"column":2},"end":{"line":203,"column":3}},"type":"if","locations":[{"start":{"line":200,"column":2},"end":{"line":203,"column":3}},{"start":{},"end":{}}],"line":200},"26":{"loc":{"start":{"line":222,"column":2},"end":{"line":225,"column":3}},"type":"if","locations":[{"start":{"line":222,"column":2},"end":{"line":225,"column":3}},{"start":{},"end":{}}],"line":222},"27":{"loc":{"start":{"line":234,"column":2},"end":{"line":237,"column":3}},"type":"if","locations":[{"start":{"line":234,"column":2},"end":{"line":237,"column":3}},{"start":{},"end":{}}],"line":234},"28":{"loc":{"start":{"line":250,"column":2},"end":{"line":254,"column":3}},"type":"if","locations":[{"start":{"line":250,"column":2},"end":{"line":254,"column":3}},{"start":{},"end":{}}],"line":250},"29":{"loc":{"start":{"line":264,"column":30},"end":{"line":264,"column":78}},"type":"binary-expr","locations":[{"start":{"line":264,"column":30},"end":{"line":264,"column":65}},{"start":{"line":264,"column":69},"end":{"line":264,"column":78}}],"line":264},"30":{"loc":{"start":{"line":277,"column":2},"end":{"line":283,"column":3}},"type":"if","locations":[{"start":{"line":277,"column":2},"end":{"line":283,"column":3}},{"start":{"line":280,"column":9},"end":{"line":283,"column":3}}],"line":277},"31":{"loc":{"start":{"line":297,"column":4},"end":{"line":305,"column":5}},"type":"if","locations":[{"start":{"line":297,"column":4},"end":{"line":305,"column":5}},{"start":{},"end":{}}],"line":297},"32":{"loc":{"start":{"line":300,"column":6},"end":{"line":304,"column":7}},"type":"if","locations":[{"start":{"line":300,"column":6},"end":{"line":304,"column":7}},{"start":{"line":302,"column":13},"end":{"line":304,"column":7}}],"line":300},"33":{"loc":{"start":{"line":309,"column":4},"end":{"line":311,"column":5}},"type":"if","locations":[{"start":{"line":309,"column":4},"end":{"line":311,"column":5}},{"start":{},"end":{}}],"line":309},"34":{"loc":{"start":{"line":325,"column":4},"end":{"line":333,"column":5}},"type":"if","locations":[{"start":{"line":325,"column":4},"end":{"line":333,"column":5}},{"start":{},"end":{}}],"line":325},"35":{"loc":{"start":{"line":328,"column":6},"end":{"line":332,"column":7}},"type":"if","locations":[{"start":{"line":328,"column":6},"end":{"line":332,"column":7}},{"start":{"line":330,"column":13},"end":{"line":332,"column":7}}],"line":328},"36":{"loc":{"start":{"line":337,"column":4},"end":{"line":339,"column":5}},"type":"if","locations":[{"start":{"line":337,"column":4},"end":{"line":339,"column":5}},{"start":{},"end":{}}],"line":337},"37":{"loc":{"start":{"line":351,"column":2},"end":{"line":358,"column":3}},"type":"if","locations":[{"start":{"line":351,"column":2},"end":{"line":358,"column":3}},{"start":{},"end":{}}],"line":351},"38":{"loc":{"start":{"line":355,"column":4},"end":{"line":357,"column":5}},"type":"if","locations":[{"start":{"line":355,"column":4},"end":{"line":357,"column":5}},{"start":{},"end":{}}],"line":355},"39":{"loc":{"start":{"line":367,"column":2},"end":{"line":391,"column":3}},"type":"if","locations":[{"start":{"line":367,"column":2},"end":{"line":391,"column":3}},{"start":{},"end":{}}],"line":367},"40":{"loc":{"start":{"line":371,"column":4},"end":{"line":390,"column":5}},"type":"if","locations":[{"start":{"line":371,"column":4},"end":{"line":390,"column":5}},{"start":{},"end":{}}],"line":371},"41":{"loc":{"start":{"line":379,"column":8},"end":{"line":388,"column":9}},"type":"if","locations":[{"start":{"line":379,"column":8},"end":{"line":388,"column":9}},{"start":{},"end":{}}],"line":379},"42":{"loc":{"start":{"line":383,"column":12},"end":{"line":386,"column":13}},"type":"if","locations":[{"start":{"line":383,"column":12},"end":{"line":386,"column":13}},{"start":{},"end":{}}],"line":383},"43":{"loc":{"start":{"line":383,"column":16},"end":{"line":383,"column":78}},"type":"binary-expr","locations":[{"start":{"line":383,"column":16},"end":{"line":383,"column":28}},{"start":{"line":383,"column":32},"end":{"line":383,"column":78}}],"line":383},"44":{"loc":{"start":{"line":400,"column":2},"end":{"line":402,"column":3}},"type":"if","locations":[{"start":{"line":400,"column":2},"end":{"line":402,"column":3}},{"start":{},"end":{}}],"line":400},"45":{"loc":{"start":{"line":416,"column":2},"end":{"line":420,"column":3}},"type":"if","locations":[{"start":{"line":416,"column":2},"end":{"line":420,"column":3}},{"start":{},"end":{}}],"line":416},"46":{"loc":{"start":{"line":416,"column":6},"end":{"line":416,"column":27}},"type":"binary-expr","locations":[{"start":{"line":416,"column":6},"end":{"line":416,"column":11}},{"start":{"line":416,"column":15},"end":{"line":416,"column":27}}],"line":416},"47":{"loc":{"start":{"line":435,"column":2},"end":{"line":437,"column":3}},"type":"if","locations":[{"start":{"line":435,"column":2},"end":{"line":437,"column":3}},{"start":{},"end":{}}],"line":435},"48":{"loc":{"start":{"line":451,"column":51},"end":{"line":451,"column":83}},"type":"default-arg","locations":[{"start":{"line":451,"column":59},"end":{"line":451,"column":83}}],"line":451},"49":{"loc":{"start":{"line":456,"column":2},"end":{"line":461,"column":3}},"type":"if","locations":[{"start":{"line":456,"column":2},"end":{"line":461,"column":3}},{"start":{},"end":{}}],"line":456},"50":{"loc":{"start":{"line":456,"column":6},"end":{"line":456,"column":41}},"type":"binary-expr","locations":[{"start":{"line":456,"column":6},"end":{"line":456,"column":11}},{"start":{"line":456,"column":15},"end":{"line":456,"column":27}},{"start":{"line":456,"column":31},"end":{"line":456,"column":41}}],"line":456},"51":{"loc":{"start":{"line":504,"column":2},"end":{"line":510,"column":3}},"type":"if","locations":[{"start":{"line":504,"column":2},"end":{"line":510,"column":3}},{"start":{},"end":{}}],"line":504},"52":{"loc":{"start":{"line":504,"column":6},"end":{"line":504,"column":71}},"type":"binary-expr","locations":[{"start":{"line":504,"column":6},"end":{"line":504,"column":36}},{"start":{"line":504,"column":40},"end":{"line":504,"column":71}}],"line":504},"53":{"loc":{"start":{"line":506,"column":4},"end":{"line":508,"column":5}},"type":"if","locations":[{"start":{"line":506,"column":4},"end":{"line":508,"column":5}},{"start":{},"end":{}}],"line":506},"54":{"loc":{"start":{"line":519,"column":2},"end":{"line":524,"column":3}},"type":"if","locations":[{"start":{"line":519,"column":2},"end":{"line":524,"column":3}},{"start":{},"end":{}}],"line":519},"55":{"loc":{"start":{"line":519,"column":6},"end":{"line":519,"column":71}},"type":"binary-expr","locations":[{"start":{"line":519,"column":6},"end":{"line":519,"column":36}},{"start":{"line":519,"column":40},"end":{"line":519,"column":71}}],"line":519},"56":{"loc":{"start":{"line":520,"column":4},"end":{"line":522,"column":5}},"type":"if","locations":[{"start":{"line":520,"column":4},"end":{"line":522,"column":5}},{"start":{},"end":{}}],"line":520}},"s":{"0":11,"1":2,"2":9,"3":9,"4":2,"5":7,"6":7,"7":2,"8":5,"9":0,"10":5,"11":9,"12":2,"13":7,"14":7,"15":7,"16":4,"17":3,"18":14,"19":2,"20":12,"21":2,"22":10,"23":10,"24":10,"25":10,"26":10,"27":1,"28":9,"29":1,"30":8,"31":1,"32":7,"33":7,"34":2,"35":5,"36":3,"37":7,"38":6,"39":1,"40":5,"41":3,"42":2,"43":10,"44":4,"45":6,"46":6,"47":6,"48":5,"49":5,"50":5,"51":5,"52":5,"53":5,"54":11,"55":11,"56":11,"57":1,"58":1,"59":11,"60":11,"61":11,"62":6,"63":6,"64":3,"65":3,"66":3,"67":3,"68":6,"69":6,"70":6,"71":6,"72":4,"73":4,"74":4,"75":4,"76":1,"77":1,"78":1,"79":3,"80":3,"81":3,"82":4,"83":4,"84":2,"85":2,"86":2,"87":2,"88":5,"89":4,"90":4,"91":3,"92":3,"93":2,"94":1,"95":5,"96":1,"97":1,"98":3,"99":2,"100":2,"101":2,"102":2,"103":2,"104":1,"105":1,"106":3,"107":1,"108":1,"109":3,"110":3,"111":2,"112":2,"113":2,"114":2,"115":2,"116":4,"117":4,"118":4,"119":4,"120":4,"121":4,"122":4,"123":4,"124":8,"125":8,"126":8,"127":4,"128":4,"129":4,"130":4,"131":4,"132":4,"133":2,"134":1,"135":4,"136":4,"137":4,"138":4,"139":4,"140":4,"141":4,"142":8,"143":2,"144":2,"145":2,"146":2,"147":4,"148":4,"149":4,"150":4,"151":4,"152":4,"153":4,"154":4,"155":4,"156":2,"157":2,"158":2,"159":2,"160":2,"161":1,"162":1,"163":1,"164":1,"165":0,"166":1,"167":1,"168":1,"169":1,"170":0},"f":{"0":11,"1":9,"2":14,"3":6,"4":10,"5":5,"6":11,"7":6,"8":3,"9":6,"10":4,"11":4,"12":5,"13":4,"14":1,"15":3,"16":2,"17":1,"18":3,"19":2,"20":4,"21":8,"22":4,"23":2,"24":4,"25":8,"26":2,"27":4,"28":4,"29":2,"30":2,"31":2,"32":2,"33":1,"34":1},"b":{"0":[2,9],"1":[11,10],"2":[2,7],"3":[9,8],"4":[2,5],"5":[0,5],"6":[2,7],"7":[9,8],"8":[4,3],"9":[2,12],"10":[14,12],"11":[2,10],"12":[1,9],"13":[1,8],"14":[1,7],"15":[2,5],"16":[7,2],"17":[3,2],"18":[5,4],"19":[1,5],"20":[6,5],"21":[3,2],"22":[4,6],"23":[5,0],"24":[1,10],"25":[11,0],"26":[3,0],"27":[6,0],"28":[1,3],"29":[3,0],"30":[2,2],"31":[3,1],"32":[2,1],"33":[1,0],"34":[2,0],"35":[1,1],"36":[1,0],"37":[2,1],"38":[2,0],"39":[4,0],"40":[4,0],"41":[4,4],"42":[4,0],"43":[4,4],"44":[1,1],"45":[4,0],"46":[4,4],"47":[2,0],"48":[3],"49":[4,0],"50":[4,4,4],"51":[1,0],"52":[1,1],"53":[1,0],"54":[1,0],"55":[1,1],"56":[1,0]},"_coverageSchema":"1a1c01bbd47fc00a2c39e90264f33305004495a9","hash":"c1bf9dd5da04f55c483a017eb7291c6f1095395e"}
}
