{"/Users/aapark/development/the_daily_undertaking_ui/js/landing.js": {"path":"/Users/aapark/development/the_daily_undertaking_ui/js/landing.js","statementMap":{"0":{"start":{"line":14,"column":2},"end":{"line":16,"column":3}},"1":{"start":{"line":15,"column":4},"end":{"line":15,"column":64}},"2":{"start":{"line":18,"column":18},"end":{"line":18,"column":33}},"3":{"start":{"line":20,"column":2},"end":{"line":25,"column":3}},"4":{"start":{"line":21,"column":4},"end":{"line":24,"column":6}},"5":{"start":{"line":27,"column":23},"end":{"line":27,"column":40}},"6":{"start":{"line":28,"column":2},"end":{"line":33,"column":3}},"7":{"start":{"line":29,"column":4},"end":{"line":32,"column":6}},"8":{"start":{"line":35,"column":2},"end":{"line":40,"column":3}},"9":{"start":{"line":36,"column":4},"end":{"line":39,"column":6}},"10":{"start":{"line":42,"column":2},"end":{"line":42,"column":36}},"11":{"start":{"line":51,"column":2},"end":{"line":53,"column":3}},"12":{"start":{"line":52,"column":4},"end":{"line":52,"column":75}},"13":{"start":{"line":55,"column":18},"end":{"line":55,"column":30}},"14":{"start":{"line":56,"column":23},"end":{"line":56,"column":51}},"15":{"start":{"line":58,"column":2},"end":{"line":63,"column":3}},"16":{"start":{"line":59,"column":4},"end":{"line":62,"column":6}},"17":{"start":{"line":65,"column":2},"end":{"line":65,"column":36}},"18":{"start":{"line":74,"column":2},"end":{"line":80,"column":3}},"19":{"start":{"line":75,"column":4},"end":{"line":79,"column":6}},"20":{"start":{"line":82,"column":2},"end":{"line":88,"column":3}},"21":{"start":{"line":83,"column":4},"end":{"line":87,"column":6}},"22":{"start":{"line":90,"column":23},"end":{"line":90,"column":45}},"23":{"start":{"line":91,"column":23},"end":{"line":91,"column":45}},"24":{"start":{"line":92,"column":20},"end":{"line":92,"column":39}},"25":{"start":{"line":93,"column":21},"end":{"line":93,"column":60}},"26":{"start":{"line":95,"column":2},"end":{"line":101,"column":3}},"27":{"start":{"line":96,"column":4},"end":{"line":100,"column":6}},"28":{"start":{"line":103,"column":2},"end":{"line":109,"column":3}},"29":{"start":{"line":104,"column":4},"end":{"line":108,"column":6}},"30":{"start":{"line":111,"column":2},"end":{"line":117,"column":3}},"31":{"start":{"line":112,"column":4},"end":{"line":116,"column":6}},"32":{"start":{"line":120,"column":17},"end":{"line":120,"column":25}},"33":{"start":{"line":121,"column":2},"end":{"line":125,"column":3}},"34":{"start":{"line":122,"column":4},"end":{"line":122,"column":24}},"35":{"start":{"line":123,"column":9},"end":{"line":125,"column":3}},"36":{"start":{"line":124,"column":4},"end":{"line":124,"column":24}},"37":{"start":{"line":127,"column":2},"end":{"line":127,"column":46}},"38":{"start":{"line":137,"column":2},"end":{"line":139,"column":3}},"39":{"start":{"line":138,"column":4},"end":{"line":138,"column":65}},"40":{"start":{"line":141,"column":2},"end":{"line":143,"column":3}},"41":{"start":{"line":142,"column":4},"end":{"line":142,"column":59}},"42":{"start":{"line":145,"column":2},"end":{"line":145,"column":36}},"43":{"start":{"line":154,"column":2},"end":{"line":154,"column":43}},"44":{"start":{"line":154,"column":33},"end":{"line":154,"column":43}},"45":{"start":{"line":156,"column":14},"end":{"line":156,"column":43}},"46":{"start":{"line":157,"column":2},"end":{"line":157,"column":26}},"47":{"start":{"line":158,"column":2},"end":{"line":158,"column":23}},"48":{"start":{"line":169,"column":18},"end":{"line":169,"column":63}},"49":{"start":{"line":170,"column":23},"end":{"line":170,"column":55}},"50":{"start":{"line":172,"column":2},"end":{"line":176,"column":3}},"51":{"start":{"line":173,"column":4},"end":{"line":173,"column":39}},"52":{"start":{"line":174,"column":4},"end":{"line":174,"column":40}},"53":{"start":{"line":175,"column":4},"end":{"line":175,"column":43}},"54":{"start":{"line":184,"column":18},"end":{"line":184,"column":63}},"55":{"start":{"line":185,"column":21},"end":{"line":185,"column":53}},"56":{"start":{"line":188,"column":2},"end":{"line":193,"column":3}},"57":{"start":{"line":189,"column":30},"end":{"line":191,"column":17}},"58":{"start":{"line":192,"column":4},"end":{"line":192,"column":65}},"59":{"start":{"line":195,"column":2},"end":{"line":198,"column":3}},"60":{"start":{"line":196,"column":4},"end":{"line":196,"column":34}},"61":{"start":{"line":197,"column":4},"end":{"line":197,"column":43}},"62":{"start":{"line":206,"column":2},"end":{"line":206,"column":31}},"63":{"start":{"line":207,"column":2},"end":{"line":207,"column":38}},"64":{"start":{"line":216,"column":23},"end":{"line":216,"column":63}},"65":{"start":{"line":217,"column":2},"end":{"line":220,"column":3}},"66":{"start":{"line":218,"column":4},"end":{"line":218,"column":54}},"67":{"start":{"line":219,"column":4},"end":{"line":219,"column":42}},"68":{"start":{"line":228,"column":23},"end":{"line":228,"column":63}},"69":{"start":{"line":229,"column":2},"end":{"line":232,"column":3}},"70":{"start":{"line":230,"column":4},"end":{"line":230,"column":34}},"71":{"start":{"line":231,"column":4},"end":{"line":231,"column":45}},"72":{"start":{"line":241,"column":21},"end":{"line":241,"column":47}},"73":{"start":{"line":242,"column":23},"end":{"line":242,"column":70}},"74":{"start":{"line":243,"column":24},"end":{"line":243,"column":72}},"75":{"start":{"line":245,"column":2},"end":{"line":249,"column":3}},"76":{"start":{"line":246,"column":4},"end":{"line":246,"column":55}},"77":{"start":{"line":247,"column":4},"end":{"line":247,"column":42}},"78":{"start":{"line":248,"column":4},"end":{"line":248,"column":11}},"79":{"start":{"line":251,"column":2},"end":{"line":251,"column":66}},"80":{"start":{"line":253,"column":25},"end":{"line":257,"column":3}},"81":{"start":{"line":259,"column":2},"end":{"line":260,"column":53}},"82":{"start":{"line":268,"column":16},"end":{"line":268,"column":52}},"83":{"start":{"line":269,"column":23},"end":{"line":269,"column":62}},"84":{"start":{"line":271,"column":2},"end":{"line":275,"column":3}},"85":{"start":{"line":272,"column":4},"end":{"line":272,"column":39}},"86":{"start":{"line":273,"column":4},"end":{"line":273,"column":38}},"87":{"start":{"line":274,"column":4},"end":{"line":274,"column":34}},"88":{"start":{"line":278,"column":2},"end":{"line":280,"column":5}},"89":{"start":{"line":279,"column":4},"end":{"line":279,"column":27}},"90":{"start":{"line":287,"column":16},"end":{"line":287,"column":52}},"91":{"start":{"line":289,"column":2},"end":{"line":291,"column":3}},"92":{"start":{"line":290,"column":4},"end":{"line":290,"column":37}},"93":{"start":{"line":294,"column":2},"end":{"line":296,"column":5}},"94":{"start":{"line":295,"column":4},"end":{"line":295,"column":28}},"95":{"start":{"line":304,"column":16},"end":{"line":304,"column":52}},"96":{"start":{"line":305,"column":23},"end":{"line":305,"column":62}},"97":{"start":{"line":306,"column":21},"end":{"line":306,"column":58}},"98":{"start":{"line":308,"column":2},"end":{"line":313,"column":3}},"99":{"start":{"line":309,"column":4},"end":{"line":309,"column":54}},"100":{"start":{"line":310,"column":4},"end":{"line":310,"column":39}},"101":{"start":{"line":311,"column":4},"end":{"line":311,"column":35}},"102":{"start":{"line":312,"column":4},"end":{"line":312,"column":34}},"103":{"start":{"line":324,"column":21},"end":{"line":324,"column":63}},"104":{"start":{"line":326,"column":2},"end":{"line":332,"column":3}},"105":{"start":{"line":327,"column":4},"end":{"line":327,"column":32}},"106":{"start":{"line":328,"column":4},"end":{"line":328,"column":33}},"107":{"start":{"line":330,"column":4},"end":{"line":330,"column":36}},"108":{"start":{"line":331,"column":4},"end":{"line":331,"column":34}},"109":{"start":{"line":344,"column":2},"end":{"line":360,"column":5}},"110":{"start":{"line":345,"column":4},"end":{"line":359,"column":13}},"111":{"start":{"line":347,"column":6},"end":{"line":358,"column":7}},"112":{"start":{"line":348,"column":8},"end":{"line":351,"column":11}},"113":{"start":{"line":353,"column":8},"end":{"line":357,"column":11}},"114":{"start":{"line":371,"column":2},"end":{"line":386,"column":5}},"115":{"start":{"line":372,"column":4},"end":{"line":385,"column":13}},"116":{"start":{"line":374,"column":6},"end":{"line":384,"column":7}},"117":{"start":{"line":375,"column":8},"end":{"line":379,"column":11}},"118":{"start":{"line":381,"column":8},"end":{"line":383,"column":11}},"119":{"start":{"line":394,"column":16},"end":{"line":394,"column":49}},"120":{"start":{"line":395,"column":2},"end":{"line":395,"column":17}},"121":{"start":{"line":403,"column":2},"end":{"line":409,"column":3}},"122":{"start":{"line":405,"column":4},"end":{"line":407,"column":5}},"123":{"start":{"line":406,"column":6},"end":{"line":406,"column":37}},"124":{"start":{"line":408,"column":4},"end":{"line":408,"column":11}},"125":{"start":{"line":410,"column":2},"end":{"line":410,"column":38}},"126":{"start":{"line":420,"column":2},"end":{"line":420,"column":25}},"127":{"start":{"line":422,"column":15},"end":{"line":422,"column":27}},"128":{"start":{"line":423,"column":24},"end":{"line":423,"column":64}},"129":{"start":{"line":424,"column":24},"end":{"line":424,"column":64}},"130":{"start":{"line":426,"column":19},"end":{"line":426,"column":45}},"131":{"start":{"line":427,"column":19},"end":{"line":427,"column":38}},"132":{"start":{"line":430,"column":2},"end":{"line":430,"column":22}},"133":{"start":{"line":431,"column":2},"end":{"line":431,"column":32}},"134":{"start":{"line":432,"column":2},"end":{"line":432,"column":32}},"135":{"start":{"line":435,"column":29},"end":{"line":435,"column":55}},"136":{"start":{"line":436,"column":29},"end":{"line":436,"column":55}},"137":{"start":{"line":438,"column":16},"end":{"line":438,"column":20}},"138":{"start":{"line":440,"column":2},"end":{"line":443,"column":3}},"139":{"start":{"line":441,"column":4},"end":{"line":441,"column":60}},"140":{"start":{"line":442,"column":4},"end":{"line":442,"column":20}},"141":{"start":{"line":445,"column":2},"end":{"line":448,"column":3}},"142":{"start":{"line":446,"column":4},"end":{"line":446,"column":60}},"143":{"start":{"line":447,"column":4},"end":{"line":447,"column":20}},"144":{"start":{"line":450,"column":2},"end":{"line":453,"column":3}},"145":{"start":{"line":451,"column":4},"end":{"line":451,"column":59}},"146":{"start":{"line":452,"column":4},"end":{"line":452,"column":11}},"147":{"start":{"line":456,"column":2},"end":{"line":456,"column":62}},"148":{"start":{"line":458,"column":2},"end":{"line":484,"column":3}},"149":{"start":{"line":459,"column":19},"end":{"line":459,"column":61}},"150":{"start":{"line":461,"column":4},"end":{"line":477,"column":5}},"151":{"start":{"line":463,"column":6},"end":{"line":463,"column":54}},"152":{"start":{"line":466,"column":6},"end":{"line":468,"column":8}},"153":{"start":{"line":471,"column":6},"end":{"line":473,"column":15}},"154":{"start":{"line":472,"column":8},"end":{"line":472,"column":25}},"155":{"start":{"line":475,"column":6},"end":{"line":475,"column":25}},"156":{"start":{"line":476,"column":6},"end":{"line":476,"column":40}},"157":{"start":{"line":479,"column":4},"end":{"line":479,"column":23}},"158":{"start":{"line":480,"column":4},"end":{"line":483,"column":6}},"159":{"start":{"line":492,"column":2},"end":{"line":492,"column":25}},"160":{"start":{"line":494,"column":15},"end":{"line":494,"column":27}},"161":{"start":{"line":495,"column":24},"end":{"line":495,"column":67}},"162":{"start":{"line":496,"column":21},"end":{"line":496,"column":61}},"163":{"start":{"line":497,"column":24},"end":{"line":497,"column":67}},"164":{"start":{"line":498,"column":31},"end":{"line":500,"column":3}},"165":{"start":{"line":502,"column":19},"end":{"line":502,"column":45}},"166":{"start":{"line":503,"column":16},"end":{"line":503,"column":39}},"167":{"start":{"line":504,"column":19},"end":{"line":504,"column":38}},"168":{"start":{"line":505,"column":26},"end":{"line":505,"column":52}},"169":{"start":{"line":508,"column":2},"end":{"line":508,"column":22}},"170":{"start":{"line":509,"column":2},"end":{"line":509,"column":32}},"171":{"start":{"line":510,"column":2},"end":{"line":510,"column":29}},"172":{"start":{"line":511,"column":2},"end":{"line":511,"column":32}},"173":{"start":{"line":512,"column":2},"end":{"line":512,"column":39}},"174":{"start":{"line":515,"column":29},"end":{"line":515,"column":55}},"175":{"start":{"line":516,"column":26},"end":{"line":516,"column":46}},"176":{"start":{"line":517,"column":29},"end":{"line":517,"column":55}},"177":{"start":{"line":518,"column":34},"end":{"line":521,"column":3}},"178":{"start":{"line":523,"column":16},"end":{"line":523,"column":20}},"179":{"start":{"line":525,"column":2},"end":{"line":528,"column":3}},"180":{"start":{"line":526,"column":4},"end":{"line":526,"column":60}},"181":{"start":{"line":527,"column":4},"end":{"line":527,"column":20}},"182":{"start":{"line":530,"column":2},"end":{"line":533,"column":3}},"183":{"start":{"line":531,"column":4},"end":{"line":531,"column":54}},"184":{"start":{"line":532,"column":4},"end":{"line":532,"column":20}},"185":{"start":{"line":535,"column":2},"end":{"line":538,"column":3}},"186":{"start":{"line":536,"column":4},"end":{"line":536,"column":60}},"187":{"start":{"line":537,"column":4},"end":{"line":537,"column":20}},"188":{"start":{"line":540,"column":2},"end":{"line":543,"column":3}},"189":{"start":{"line":541,"column":4},"end":{"line":541,"column":72}},"190":{"start":{"line":542,"column":4},"end":{"line":542,"column":20}},"191":{"start":{"line":545,"column":2},"end":{"line":548,"column":3}},"192":{"start":{"line":546,"column":4},"end":{"line":546,"column":59}},"193":{"start":{"line":547,"column":4},"end":{"line":547,"column":11}},"194":{"start":{"line":551,"column":2},"end":{"line":551,"column":61}},"195":{"start":{"line":553,"column":2},"end":{"line":586,"column":3}},"196":{"start":{"line":554,"column":19},"end":{"line":554,"column":64}},"197":{"start":{"line":556,"column":4},"end":{"line":579,"column":5}},"198":{"start":{"line":558,"column":6},"end":{"line":558,"column":67}},"199":{"start":{"line":561,"column":26},"end":{"line":561,"column":68}},"200":{"start":{"line":563,"column":6},"end":{"line":575,"column":7}},"201":{"start":{"line":564,"column":8},"end":{"line":564,"column":61}},"202":{"start":{"line":566,"column":8},"end":{"line":568,"column":17}},"203":{"start":{"line":567,"column":10},"end":{"line":567,"column":27}},"204":{"start":{"line":570,"column":8},"end":{"line":570,"column":27}},"205":{"start":{"line":571,"column":8},"end":{"line":574,"column":10}},"206":{"start":{"line":577,"column":6},"end":{"line":577,"column":25}},"207":{"start":{"line":578,"column":6},"end":{"line":578,"column":40}},"208":{"start":{"line":581,"column":4},"end":{"line":581,"column":23}},"209":{"start":{"line":582,"column":4},"end":{"line":585,"column":6}},"210":{"start":{"line":595,"column":2},"end":{"line":607,"column":5}},"211":{"start":{"line":596,"column":18},"end":{"line":596,"column":43}},"212":{"start":{"line":598,"column":4},"end":{"line":606,"column":5}},"213":{"start":{"line":599,"column":25},"end":{"line":599,"column":49}},"214":{"start":{"line":601,"column":6},"end":{"line":605,"column":7}},"215":{"start":{"line":602,"column":8},"end":{"line":602,"column":37}},"216":{"start":{"line":604,"column":8},"end":{"line":604,"column":55}},"217":{"start":{"line":609,"column":2},"end":{"line":613,"column":5}},"218":{"start":{"line":610,"column":4},"end":{"line":612,"column":5}},"219":{"start":{"line":611,"column":6},"end":{"line":611,"column":35}},"220":{"start":{"line":622,"column":2},"end":{"line":635,"column":5}},"221":{"start":{"line":623,"column":21},"end":{"line":623,"column":40}},"222":{"start":{"line":624,"column":20},"end":{"line":624,"column":38}},"223":{"start":{"line":626,"column":4},"end":{"line":634,"column":5}},"224":{"start":{"line":627,"column":25},"end":{"line":627,"column":65}},"225":{"start":{"line":629,"column":6},"end":{"line":633,"column":7}},"226":{"start":{"line":630,"column":8},"end":{"line":630,"column":37}},"227":{"start":{"line":632,"column":8},"end":{"line":632,"column":55}},"228":{"start":{"line":637,"column":2},"end":{"line":641,"column":5}},"229":{"start":{"line":638,"column":4},"end":{"line":640,"column":5}},"230":{"start":{"line":639,"column":6},"end":{"line":639,"column":35}},"231":{"start":{"line":646,"column":0},"end":{"line":754,"column":3}},"232":{"start":{"line":648,"column":22},"end":{"line":648,"column":60}},"233":{"start":{"line":649,"column":2},"end":{"line":651,"column":3}},"234":{"start":{"line":650,"column":4},"end":{"line":650,"column":55}},"235":{"start":{"line":654,"column":2},"end":{"line":657,"column":3}},"236":{"start":{"line":655,"column":4},"end":{"line":655,"column":21}},"237":{"start":{"line":656,"column":4},"end":{"line":656,"column":11}},"238":{"start":{"line":660,"column":20},"end":{"line":660,"column":56}},"239":{"start":{"line":661,"column":23},"end":{"line":661,"column":62}},"240":{"start":{"line":664,"column":2},"end":{"line":666,"column":3}},"241":{"start":{"line":665,"column":4},"end":{"line":665,"column":60}},"242":{"start":{"line":668,"column":2},"end":{"line":670,"column":3}},"243":{"start":{"line":669,"column":4},"end":{"line":669,"column":66}},"244":{"start":{"line":673,"column":24},"end":{"line":673,"column":64}},"245":{"start":{"line":674,"column":24},"end":{"line":674,"column":64}},"246":{"start":{"line":676,"column":2},"end":{"line":678,"column":3}},"247":{"start":{"line":677,"column":4},"end":{"line":677,"column":59}},"248":{"start":{"line":680,"column":2},"end":{"line":682,"column":3}},"249":{"start":{"line":681,"column":4},"end":{"line":681,"column":59}},"250":{"start":{"line":685,"column":27},"end":{"line":685,"column":70}},"251":{"start":{"line":686,"column":24},"end":{"line":686,"column":64}},"252":{"start":{"line":687,"column":27},"end":{"line":687,"column":70}},"253":{"start":{"line":688,"column":34},"end":{"line":690,"column":3}},"254":{"start":{"line":692,"column":2},"end":{"line":694,"column":3}},"255":{"start":{"line":693,"column":4},"end":{"line":693,"column":62}},"256":{"start":{"line":696,"column":2},"end":{"line":698,"column":3}},"257":{"start":{"line":697,"column":4},"end":{"line":697,"column":56}},"258":{"start":{"line":700,"column":2},"end":{"line":712,"column":3}},"259":{"start":{"line":701,"column":4},"end":{"line":701,"column":62}},"260":{"start":{"line":704,"column":30},"end":{"line":706,"column":5}},"261":{"start":{"line":707,"column":4},"end":{"line":711,"column":5}},"262":{"start":{"line":708,"column":6},"end":{"line":710,"column":9}},"263":{"start":{"line":709,"column":8},"end":{"line":709,"column":74}},"264":{"start":{"line":714,"column":2},"end":{"line":716,"column":3}},"265":{"start":{"line":715,"column":4},"end":{"line":715,"column":77}},"266":{"start":{"line":719,"column":2},"end":{"line":728,"column":5}},"267":{"start":{"line":720,"column":4},"end":{"line":727,"column":7}},"268":{"start":{"line":722,"column":22},"end":{"line":722,"column":77}},"269":{"start":{"line":723,"column":20},"end":{"line":723,"column":87}},"270":{"start":{"line":724,"column":6},"end":{"line":726,"column":7}},"271":{"start":{"line":725,"column":8},"end":{"line":725,"column":46}},"272":{"start":{"line":731,"column":2},"end":{"line":753,"column":3}},"273":{"start":{"line":732,"column":4},"end":{"line":732,"column":47}},"274":{"start":{"line":733,"column":4},"end":{"line":733,"column":41}},"275":{"start":{"line":734,"column":4},"end":{"line":734,"column":47}},"276":{"start":{"line":735,"column":4},"end":{"line":735,"column":57}},"277":{"start":{"line":736,"column":4},"end":{"line":736,"column":41}},"278":{"start":{"line":737,"column":4},"end":{"line":737,"column":43}},"279":{"start":{"line":738,"column":4},"end":{"line":738,"column":43}},"280":{"start":{"line":739,"column":4},"end":{"line":739,"column":43}},"281":{"start":{"line":740,"column":4},"end":{"line":740,"column":41}},"282":{"start":{"line":741,"column":4},"end":{"line":741,"column":41}},"283":{"start":{"line":742,"column":4},"end":{"line":742,"column":59}},"284":{"start":{"line":743,"column":4},"end":{"line":743,"column":47}},"285":{"start":{"line":744,"column":4},"end":{"line":744,"column":47}},"286":{"start":{"line":745,"column":4},"end":{"line":745,"column":47}},"287":{"start":{"line":746,"column":4},"end":{"line":746,"column":63}},"288":{"start":{"line":747,"column":4},"end":{"line":747,"column":47}},"289":{"start":{"line":748,"column":4},"end":{"line":748,"column":39}},"290":{"start":{"line":749,"column":4},"end":{"line":749,"column":45}},"291":{"start":{"line":750,"column":4},"end":{"line":750,"column":43}},"292":{"start":{"line":751,"column":4},"end":{"line":751,"column":49}},"293":{"start":{"line":752,"column":4},"end":{"line":752,"column":55}}},"fnMap":{"0":{"name":"validateUsername","decl":{"start":{"line":13,"column":9},"end":{"line":13,"column":25}},"loc":{"start":{"line":13,"column":36},"end":{"line":43,"column":1}},"line":13},"1":{"name":"validateEmail","decl":{"start":{"line":50,"column":9},"end":{"line":50,"column":22}},"loc":{"start":{"line":50,"column":30},"end":{"line":66,"column":1}},"line":50},"2":{"name":"validatePassword","decl":{"start":{"line":73,"column":9},"end":{"line":73,"column":25}},"loc":{"start":{"line":73,"column":36},"end":{"line":128,"column":1}},"line":73},"3":{"name":"validatePasswordMatch","decl":{"start":{"line":136,"column":9},"end":{"line":136,"column":30}},"loc":{"start":{"line":136,"column":58},"end":{"line":146,"column":1}},"line":136},"4":{"name":"sanitizeInput","decl":{"start":{"line":153,"column":9},"end":{"line":153,"column":22}},"loc":{"start":{"line":153,"column":30},"end":{"line":159,"column":1}},"line":153},"5":{"name":"showFieldError","decl":{"start":{"line":168,"column":9},"end":{"line":168,"column":23}},"loc":{"start":{"line":168,"column":47},"end":{"line":177,"column":1}},"line":168},"6":{"name":"hideFieldError","decl":{"start":{"line":183,"column":9},"end":{"line":183,"column":23}},"loc":{"start":{"line":183,"column":38},"end":{"line":199,"column":1}},"line":183},"7":{"name":"markFieldValid","decl":{"start":{"line":205,"column":9},"end":{"line":205,"column":23}},"loc":{"start":{"line":205,"column":38},"end":{"line":208,"column":1}},"line":205},"8":{"name":"showFormError","decl":{"start":{"line":215,"column":9},"end":{"line":215,"column":22}},"loc":{"start":{"line":215,"column":45},"end":{"line":221,"column":1}},"line":215},"9":{"name":"hideFormError","decl":{"start":{"line":227,"column":9},"end":{"line":227,"column":22}},"loc":{"start":{"line":227,"column":36},"end":{"line":233,"column":1}},"line":227},"10":{"name":"updatePasswordStrength","decl":{"start":{"line":240,"column":9},"end":{"line":240,"column":31}},"loc":{"start":{"line":240,"column":59},"end":{"line":261,"column":1}},"line":240},"11":{"name":"showLoadingModal","decl":{"start":{"line":267,"column":9},"end":{"line":267,"column":25}},"loc":{"start":{"line":267,"column":35},"end":{"line":281,"column":1}},"line":267},"12":{"name":"(anonymous_12)","decl":{"start":{"line":278,"column":54},"end":{"line":278,"column":55}},"loc":{"start":{"line":278,"column":66},"end":{"line":280,"column":3}},"line":278},"13":{"name":"hideLoadingModal","decl":{"start":{"line":286,"column":9},"end":{"line":286,"column":25}},"loc":{"start":{"line":286,"column":28},"end":{"line":297,"column":1}},"line":286},"14":{"name":"(anonymous_14)","decl":{"start":{"line":294,"column":54},"end":{"line":294,"column":55}},"loc":{"start":{"line":294,"column":66},"end":{"line":296,"column":3}},"line":294},"15":{"name":"showSuccessModal","decl":{"start":{"line":303,"column":9},"end":{"line":303,"column":25}},"loc":{"start":{"line":303,"column":35},"end":{"line":314,"column":1}},"line":303},"16":{"name":"togglePasswordVisibility","decl":{"start":{"line":323,"column":9},"end":{"line":323,"column":33}},"loc":{"start":{"line":323,"column":63},"end":{"line":333,"column":1}},"line":323},"17":{"name":"authenticateUser","decl":{"start":{"line":343,"column":9},"end":{"line":343,"column":25}},"loc":{"start":{"line":343,"column":46},"end":{"line":361,"column":1}},"line":343},"18":{"name":"(anonymous_18)","decl":{"start":{"line":344,"column":21},"end":{"line":344,"column":22}},"loc":{"start":{"line":344,"column":34},"end":{"line":360,"column":3}},"line":344},"19":{"name":"(anonymous_19)","decl":{"start":{"line":345,"column":15},"end":{"line":345,"column":16}},"loc":{"start":{"line":345,"column":21},"end":{"line":359,"column":5}},"line":345},"20":{"name":"registerUser","decl":{"start":{"line":370,"column":9},"end":{"line":370,"column":21}},"loc":{"start":{"line":370,"column":49},"end":{"line":387,"column":1}},"line":370},"21":{"name":"(anonymous_21)","decl":{"start":{"line":371,"column":21},"end":{"line":371,"column":22}},"loc":{"start":{"line":371,"column":34},"end":{"line":386,"column":3}},"line":371},"22":{"name":"(anonymous_22)","decl":{"start":{"line":372,"column":15},"end":{"line":372,"column":16}},"loc":{"start":{"line":372,"column":21},"end":{"line":385,"column":5}},"line":372},"23":{"name":"isAuthenticated","decl":{"start":{"line":393,"column":9},"end":{"line":393,"column":24}},"loc":{"start":{"line":393,"column":27},"end":{"line":396,"column":1}},"line":393},"24":{"name":"redirectToGame","decl":{"start":{"line":401,"column":9},"end":{"line":401,"column":23}},"loc":{"start":{"line":401,"column":26},"end":{"line":411,"column":1}},"line":401},"25":{"name":"handleLoginSubmit","decl":{"start":{"line":419,"column":15},"end":{"line":419,"column":32}},"loc":{"start":{"line":419,"column":40},"end":{"line":485,"column":1}},"line":419},"26":{"name":"(anonymous_26)","decl":{"start":{"line":471,"column":17},"end":{"line":471,"column":18}},"loc":{"start":{"line":471,"column":23},"end":{"line":473,"column":7}},"line":471},"27":{"name":"handleRegisterSubmit","decl":{"start":{"line":491,"column":15},"end":{"line":491,"column":35}},"loc":{"start":{"line":491,"column":43},"end":{"line":587,"column":1}},"line":491},"28":{"name":"(anonymous_28)","decl":{"start":{"line":566,"column":19},"end":{"line":566,"column":20}},"loc":{"start":{"line":566,"column":25},"end":{"line":568,"column":9}},"line":566},"29":{"name":"attachFieldValidation","decl":{"start":{"line":594,"column":9},"end":{"line":594,"column":30}},"loc":{"start":{"line":594,"column":64},"end":{"line":614,"column":1}},"line":594},"30":{"name":"(anonymous_30)","decl":{"start":{"line":595,"column":40},"end":{"line":595,"column":41}},"loc":{"start":{"line":595,"column":46},"end":{"line":607,"column":3}},"line":595},"31":{"name":"(anonymous_31)","decl":{"start":{"line":609,"column":41},"end":{"line":609,"column":42}},"loc":{"start":{"line":609,"column":47},"end":{"line":613,"column":3}},"line":609},"32":{"name":"attachPasswordMatchValidation","decl":{"start":{"line":621,"column":9},"end":{"line":621,"column":38}},"loc":{"start":{"line":621,"column":68},"end":{"line":642,"column":1}},"line":621},"33":{"name":"(anonymous_33)","decl":{"start":{"line":622,"column":40},"end":{"line":622,"column":41}},"loc":{"start":{"line":622,"column":46},"end":{"line":635,"column":3}},"line":622},"34":{"name":"(anonymous_34)","decl":{"start":{"line":637,"column":41},"end":{"line":637,"column":42}},"loc":{"start":{"line":637,"column":47},"end":{"line":641,"column":3}},"line":637},"35":{"name":"(anonymous_35)","decl":{"start":{"line":646,"column":46},"end":{"line":646,"column":47}},"loc":{"start":{"line":646,"column":52},"end":{"line":754,"column":1}},"line":646},"36":{"name":"(anonymous_36)","decl":{"start":{"line":708,"column":49},"end":{"line":708,"column":50}},"loc":{"start":{"line":708,"column":55},"end":{"line":710,"column":7}},"line":708},"37":{"name":"(anonymous_37)","decl":{"start":{"line":719,"column":56},"end":{"line":719,"column":57}},"loc":{"start":{"line":719,"column":68},"end":{"line":728,"column":3}},"line":719},"38":{"name":"(anonymous_38)","decl":{"start":{"line":720,"column":37},"end":{"line":720,"column":38}},"loc":{"start":{"line":720,"column":49},"end":{"line":727,"column":5}},"line":720}},"branchMap":{"0":{"loc":{"start":{"line":14,"column":2},"end":{"line":16,"column":3}},"type":"if","locations":[{"start":{"line":14,"column":2},"end":{"line":16,"column":3}},{"start":{},"end":{}}],"line":14},"1":{"loc":{"start":{"line":14,"column":6},"end":{"line":14,"column":41}},"type":"binary-expr","locations":[{"start":{"line":14,"column":6},"end":{"line":14,"column":15}},{"start":{"line":14,"column":19},"end":{"line":14,"column":41}}],"line":14},"2":{"loc":{"start":{"line":20,"column":2},"end":{"line":25,"column":3}},"type":"if","locations":[{"start":{"line":20,"column":2},"end":{"line":25,"column":3}},{"start":{},"end":{}}],"line":20},"3":{"loc":{"start":{"line":20,"column":6},"end":{"line":20,"column":47}},"type":"binary-expr","locations":[{"start":{"line":20,"column":6},"end":{"line":20,"column":24}},{"start":{"line":20,"column":28},"end":{"line":20,"column":47}}],"line":20},"4":{"loc":{"start":{"line":28,"column":2},"end":{"line":33,"column":3}},"type":"if","locations":[{"start":{"line":28,"column":2},"end":{"line":33,"column":3}},{"start":{},"end":{}}],"line":28},"5":{"loc":{"start":{"line":35,"column":2},"end":{"line":40,"column":3}},"type":"if","locations":[{"start":{"line":35,"column":2},"end":{"line":40,"column":3}},{"start":{},"end":{}}],"line":35},"6":{"loc":{"start":{"line":51,"column":2},"end":{"line":53,"column":3}},"type":"if","locations":[{"start":{"line":51,"column":2},"end":{"line":53,"column":3}},{"start":{},"end":{}}],"line":51},"7":{"loc":{"start":{"line":51,"column":6},"end":{"line":51,"column":35}},"type":"binary-expr","locations":[{"start":{"line":51,"column":6},"end":{"line":51,"column":12}},{"start":{"line":51,"column":16},"end":{"line":51,"column":35}}],"line":51},"8":{"loc":{"start":{"line":58,"column":2},"end":{"line":63,"column":3}},"type":"if","locations":[{"start":{"line":58,"column":2},"end":{"line":63,"column":3}},{"start":{},"end":{}}],"line":58},"9":{"loc":{"start":{"line":74,"column":2},"end":{"line":80,"column":3}},"type":"if","locations":[{"start":{"line":74,"column":2},"end":{"line":80,"column":3}},{"start":{},"end":{}}],"line":74},"10":{"loc":{"start":{"line":74,"column":6},"end":{"line":74,"column":34}},"type":"binary-expr","locations":[{"start":{"line":74,"column":6},"end":{"line":74,"column":15}},{"start":{"line":74,"column":19},"end":{"line":74,"column":34}}],"line":74},"11":{"loc":{"start":{"line":82,"column":2},"end":{"line":88,"column":3}},"type":"if","locations":[{"start":{"line":82,"column":2},"end":{"line":88,"column":3}},{"start":{},"end":{}}],"line":82},"12":{"loc":{"start":{"line":95,"column":2},"end":{"line":101,"column":3}},"type":"if","locations":[{"start":{"line":95,"column":2},"end":{"line":101,"column":3}},{"start":{},"end":{}}],"line":95},"13":{"loc":{"start":{"line":103,"column":2},"end":{"line":109,"column":3}},"type":"if","locations":[{"start":{"line":103,"column":2},"end":{"line":109,"column":3}},{"start":{},"end":{}}],"line":103},"14":{"loc":{"start":{"line":111,"column":2},"end":{"line":117,"column":3}},"type":"if","locations":[{"start":{"line":111,"column":2},"end":{"line":117,"column":3}},{"start":{},"end":{}}],"line":111},"15":{"loc":{"start":{"line":121,"column":2},"end":{"line":125,"column":3}},"type":"if","locations":[{"start":{"line":121,"column":2},"end":{"line":125,"column":3}},{"start":{"line":123,"column":9},"end":{"line":125,"column":3}}],"line":121},"16":{"loc":{"start":{"line":121,"column":6},"end":{"line":121,"column":41}},"type":"binary-expr","locations":[{"start":{"line":121,"column":6},"end":{"line":121,"column":27}},{"start":{"line":121,"column":31},"end":{"line":121,"column":41}}],"line":121},"17":{"loc":{"start":{"line":123,"column":9},"end":{"line":125,"column":3}},"type":"if","locations":[{"start":{"line":123,"column":9},"end":{"line":125,"column":3}},{"start":{},"end":{}}],"line":123},"18":{"loc":{"start":{"line":123,"column":13},"end":{"line":123,"column":48}},"type":"binary-expr","locations":[{"start":{"line":123,"column":13},"end":{"line":123,"column":34}},{"start":{"line":123,"column":38},"end":{"line":123,"column":48}}],"line":123},"19":{"loc":{"start":{"line":137,"column":2},"end":{"line":139,"column":3}},"type":"if","locations":[{"start":{"line":137,"column":2},"end":{"line":139,"column":3}},{"start":{},"end":{}}],"line":137},"20":{"loc":{"start":{"line":137,"column":6},"end":{"line":137,"column":48}},"type":"binary-expr","locations":[{"start":{"line":137,"column":6},"end":{"line":137,"column":22}},{"start":{"line":137,"column":26},"end":{"line":137,"column":48}}],"line":137},"21":{"loc":{"start":{"line":141,"column":2},"end":{"line":143,"column":3}},"type":"if","locations":[{"start":{"line":141,"column":2},"end":{"line":143,"column":3}},{"start":{},"end":{}}],"line":141},"22":{"loc":{"start":{"line":154,"column":2},"end":{"line":154,"column":43}},"type":"if","locations":[{"start":{"line":154,"column":2},"end":{"line":154,"column":43}},{"start":{},"end":{}}],"line":154},"23":{"loc":{"start":{"line":172,"column":2},"end":{"line":176,"column":3}},"type":"if","locations":[{"start":{"line":172,"column":2},"end":{"line":176,"column":3}},{"start":{},"end":{}}],"line":172},"24":{"loc":{"start":{"line":188,"column":2},"end":{"line":193,"column":3}},"type":"if","locations":[{"start":{"line":188,"column":2},"end":{"line":193,"column":3}},{"start":{},"end":{}}],"line":188},"25":{"loc":{"start":{"line":195,"column":2},"end":{"line":198,"column":3}},"type":"if","locations":[{"start":{"line":195,"column":2},"end":{"line":198,"column":3}},{"start":{},"end":{}}],"line":195},"26":{"loc":{"start":{"line":217,"column":2},"end":{"line":220,"column":3}},"type":"if","locations":[{"start":{"line":217,"column":2},"end":{"line":220,"column":3}},{"start":{},"end":{}}],"line":217},"27":{"loc":{"start":{"line":229,"column":2},"end":{"line":232,"column":3}},"type":"if","locations":[{"start":{"line":229,"column":2},"end":{"line":232,"column":3}},{"start":{},"end":{}}],"line":229},"28":{"loc":{"start":{"line":245,"column":2},"end":{"line":249,"column":3}},"type":"if","locations":[{"start":{"line":245,"column":2},"end":{"line":249,"column":3}},{"start":{},"end":{}}],"line":245},"29":{"loc":{"start":{"line":260,"column":4},"end":{"line":260,"column":52}},"type":"binary-expr","locations":[{"start":{"line":260,"column":4},"end":{"line":260,"column":39}},{"start":{"line":260,"column":43},"end":{"line":260,"column":52}}],"line":260},"30":{"loc":{"start":{"line":271,"column":2},"end":{"line":275,"column":3}},"type":"if","locations":[{"start":{"line":271,"column":2},"end":{"line":275,"column":3}},{"start":{},"end":{}}],"line":271},"31":{"loc":{"start":{"line":271,"column":6},"end":{"line":271,"column":27}},"type":"binary-expr","locations":[{"start":{"line":271,"column":6},"end":{"line":271,"column":11}},{"start":{"line":271,"column":15},"end":{"line":271,"column":27}}],"line":271},"32":{"loc":{"start":{"line":289,"column":2},"end":{"line":291,"column":3}},"type":"if","locations":[{"start":{"line":289,"column":2},"end":{"line":291,"column":3}},{"start":{},"end":{}}],"line":289},"33":{"loc":{"start":{"line":308,"column":2},"end":{"line":313,"column":3}},"type":"if","locations":[{"start":{"line":308,"column":2},"end":{"line":313,"column":3}},{"start":{},"end":{}}],"line":308},"34":{"loc":{"start":{"line":308,"column":6},"end":{"line":308,"column":41}},"type":"binary-expr","locations":[{"start":{"line":308,"column":6},"end":{"line":308,"column":11}},{"start":{"line":308,"column":15},"end":{"line":308,"column":27}},{"start":{"line":308,"column":31},"end":{"line":308,"column":41}}],"line":308},"35":{"loc":{"start":{"line":326,"column":2},"end":{"line":332,"column":3}},"type":"if","locations":[{"start":{"line":326,"column":2},"end":{"line":332,"column":3}},{"start":{"line":329,"column":9},"end":{"line":332,"column":3}}],"line":326},"36":{"loc":{"start":{"line":347,"column":6},"end":{"line":358,"column":7}},"type":"if","locations":[{"start":{"line":347,"column":6},"end":{"line":358,"column":7}},{"start":{"line":352,"column":13},"end":{"line":358,"column":7}}],"line":347},"37":{"loc":{"start":{"line":347,"column":10},"end":{"line":347,"column":56}},"type":"binary-expr","locations":[{"start":{"line":347,"column":10},"end":{"line":347,"column":29}},{"start":{"line":347,"column":33},"end":{"line":347,"column":56}}],"line":347},"38":{"loc":{"start":{"line":374,"column":6},"end":{"line":384,"column":7}},"type":"if","locations":[{"start":{"line":374,"column":6},"end":{"line":384,"column":7}},{"start":{"line":380,"column":13},"end":{"line":384,"column":7}}],"line":374},"39":{"loc":{"start":{"line":403,"column":2},"end":{"line":409,"column":3}},"type":"if","locations":[{"start":{"line":403,"column":2},"end":{"line":409,"column":3}},{"start":{},"end":{}}],"line":403},"40":{"loc":{"start":{"line":403,"column":6},"end":{"line":403,"column":71}},"type":"binary-expr","locations":[{"start":{"line":403,"column":6},"end":{"line":403,"column":36}},{"start":{"line":403,"column":40},"end":{"line":403,"column":71}}],"line":403},"41":{"loc":{"start":{"line":405,"column":4},"end":{"line":407,"column":5}},"type":"if","locations":[{"start":{"line":405,"column":4},"end":{"line":407,"column":5}},{"start":{},"end":{}}],"line":405},"42":{"loc":{"start":{"line":440,"column":2},"end":{"line":443,"column":3}},"type":"if","locations":[{"start":{"line":440,"column":2},"end":{"line":443,"column":3}},{"start":{},"end":{}}],"line":440},"43":{"loc":{"start":{"line":445,"column":2},"end":{"line":448,"column":3}},"type":"if","locations":[{"start":{"line":445,"column":2},"end":{"line":448,"column":3}},{"start":{},"end":{}}],"line":445},"44":{"loc":{"start":{"line":450,"column":2},"end":{"line":453,"column":3}},"type":"if","locations":[{"start":{"line":450,"column":2},"end":{"line":453,"column":3}},{"start":{},"end":{}}],"line":450},"45":{"loc":{"start":{"line":461,"column":4},"end":{"line":477,"column":5}},"type":"if","locations":[{"start":{"line":461,"column":4},"end":{"line":477,"column":5}},{"start":{"line":474,"column":11},"end":{"line":477,"column":5}}],"line":461},"46":{"loc":{"start":{"line":525,"column":2},"end":{"line":528,"column":3}},"type":"if","locations":[{"start":{"line":525,"column":2},"end":{"line":528,"column":3}},{"start":{},"end":{}}],"line":525},"47":{"loc":{"start":{"line":530,"column":2},"end":{"line":533,"column":3}},"type":"if","locations":[{"start":{"line":530,"column":2},"end":{"line":533,"column":3}},{"start":{},"end":{}}],"line":530},"48":{"loc":{"start":{"line":535,"column":2},"end":{"line":538,"column":3}},"type":"if","locations":[{"start":{"line":535,"column":2},"end":{"line":538,"column":3}},{"start":{},"end":{}}],"line":535},"49":{"loc":{"start":{"line":540,"column":2},"end":{"line":543,"column":3}},"type":"if","locations":[{"start":{"line":540,"column":2},"end":{"line":543,"column":3}},{"start":{},"end":{}}],"line":540},"50":{"loc":{"start":{"line":545,"column":2},"end":{"line":548,"column":3}},"type":"if","locations":[{"start":{"line":545,"column":2},"end":{"line":548,"column":3}},{"start":{},"end":{}}],"line":545},"51":{"loc":{"start":{"line":556,"column":4},"end":{"line":579,"column":5}},"type":"if","locations":[{"start":{"line":556,"column":4},"end":{"line":579,"column":5}},{"start":{"line":576,"column":11},"end":{"line":579,"column":5}}],"line":556},"52":{"loc":{"start":{"line":563,"column":6},"end":{"line":575,"column":7}},"type":"if","locations":[{"start":{"line":563,"column":6},"end":{"line":575,"column":7}},{"start":{"line":569,"column":13},"end":{"line":575,"column":7}}],"line":563},"53":{"loc":{"start":{"line":598,"column":4},"end":{"line":606,"column":5}},"type":"if","locations":[{"start":{"line":598,"column":4},"end":{"line":606,"column":5}},{"start":{},"end":{}}],"line":598},"54":{"loc":{"start":{"line":601,"column":6},"end":{"line":605,"column":7}},"type":"if","locations":[{"start":{"line":601,"column":6},"end":{"line":605,"column":7}},{"start":{"line":603,"column":13},"end":{"line":605,"column":7}}],"line":601},"55":{"loc":{"start":{"line":610,"column":4},"end":{"line":612,"column":5}},"type":"if","locations":[{"start":{"line":610,"column":4},"end":{"line":612,"column":5}},{"start":{},"end":{}}],"line":610},"56":{"loc":{"start":{"line":626,"column":4},"end":{"line":634,"column":5}},"type":"if","locations":[{"start":{"line":626,"column":4},"end":{"line":634,"column":5}},{"start":{},"end":{}}],"line":626},"57":{"loc":{"start":{"line":629,"column":6},"end":{"line":633,"column":7}},"type":"if","locations":[{"start":{"line":629,"column":6},"end":{"line":633,"column":7}},{"start":{"line":631,"column":13},"end":{"line":633,"column":7}}],"line":629},"58":{"loc":{"start":{"line":638,"column":4},"end":{"line":640,"column":5}},"type":"if","locations":[{"start":{"line":638,"column":4},"end":{"line":640,"column":5}},{"start":{},"end":{}}],"line":638},"59":{"loc":{"start":{"line":649,"column":2},"end":{"line":651,"column":3}},"type":"if","locations":[{"start":{"line":649,"column":2},"end":{"line":651,"column":3}},{"start":{},"end":{}}],"line":649},"60":{"loc":{"start":{"line":654,"column":2},"end":{"line":657,"column":3}},"type":"if","locations":[{"start":{"line":654,"column":2},"end":{"line":657,"column":3}},{"start":{},"end":{}}],"line":654},"61":{"loc":{"start":{"line":664,"column":2},"end":{"line":666,"column":3}},"type":"if","locations":[{"start":{"line":664,"column":2},"end":{"line":666,"column":3}},{"start":{},"end":{}}],"line":664},"62":{"loc":{"start":{"line":668,"column":2},"end":{"line":670,"column":3}},"type":"if","locations":[{"start":{"line":668,"column":2},"end":{"line":670,"column":3}},{"start":{},"end":{}}],"line":668},"63":{"loc":{"start":{"line":676,"column":2},"end":{"line":678,"column":3}},"type":"if","locations":[{"start":{"line":676,"column":2},"end":{"line":678,"column":3}},{"start":{},"end":{}}],"line":676},"64":{"loc":{"start":{"line":680,"column":2},"end":{"line":682,"column":3}},"type":"if","locations":[{"start":{"line":680,"column":2},"end":{"line":682,"column":3}},{"start":{},"end":{}}],"line":680},"65":{"loc":{"start":{"line":692,"column":2},"end":{"line":694,"column":3}},"type":"if","locations":[{"start":{"line":692,"column":2},"end":{"line":694,"column":3}},{"start":{},"end":{}}],"line":692},"66":{"loc":{"start":{"line":696,"column":2},"end":{"line":698,"column":3}},"type":"if","locations":[{"start":{"line":696,"column":2},"end":{"line":698,"column":3}},{"start":{},"end":{}}],"line":696},"67":{"loc":{"start":{"line":700,"column":2},"end":{"line":712,"column":3}},"type":"if","locations":[{"start":{"line":700,"column":2},"end":{"line":712,"column":3}},{"start":{},"end":{}}],"line":700},"68":{"loc":{"start":{"line":707,"column":4},"end":{"line":711,"column":5}},"type":"if","locations":[{"start":{"line":707,"column":4},"end":{"line":711,"column":5}},{"start":{},"end":{}}],"line":707},"69":{"loc":{"start":{"line":714,"column":2},"end":{"line":716,"column":3}},"type":"if","locations":[{"start":{"line":714,"column":2},"end":{"line":716,"column":3}},{"start":{},"end":{}}],"line":714},"70":{"loc":{"start":{"line":714,"column":6},"end":{"line":714,"column":49}},"type":"binary-expr","locations":[{"start":{"line":714,"column":6},"end":{"line":714,"column":22}},{"start":{"line":714,"column":26},"end":{"line":714,"column":49}}],"line":714},"71":{"loc":{"start":{"line":722,"column":22},"end":{"line":722,"column":77}},"type":"binary-expr","locations":[{"start":{"line":722,"column":22},"end":{"line":722,"column":55}},{"start":{"line":722,"column":59},"end":{"line":722,"column":77}}],"line":722},"72":{"loc":{"start":{"line":724,"column":6},"end":{"line":726,"column":7}},"type":"if","locations":[{"start":{"line":724,"column":6},"end":{"line":726,"column":7}},{"start":{},"end":{}}],"line":724},"73":{"loc":{"start":{"line":731,"column":2},"end":{"line":753,"column":3}},"type":"if","locations":[{"start":{"line":731,"column":2},"end":{"line":753,"column":3}},{"start":{},"end":{}}],"line":731}},"s":{"0":196,"1":16,"2":180,"3":180,"4":46,"5":134,"6":134,"7":2,"8":132,"9":0,"10":132,"11":45,"12":16,"13":29,"14":29,"15":29,"16":15,"17":14,"18":211,"19":10,"20":201,"21":41,"22":160,"23":160,"24":160,"25":160,"26":160,"27":1,"28":159,"29":1,"30":158,"31":1,"32":157,"33":157,"34":15,"35":142,"36":75,"37":157,"38":30,"39":9,"40":21,"41":9,"42":12,"43":86,"44":1,"45":85,"46":85,"47":85,"48":136,"49":136,"50":136,"51":128,"52":128,"53":128,"54":381,"55":381,"56":381,"57":26,"58":26,"59":381,"60":381,"61":381,"62":11,"63":11,"64":80,"65":80,"66":80,"67":80,"68":159,"69":159,"70":159,"71":159,"72":43,"73":43,"74":43,"75":43,"76":1,"77":1,"78":1,"79":42,"80":42,"81":42,"82":116,"83":116,"84":116,"85":116,"86":116,"87":116,"88":116,"89":230,"90":36,"91":36,"92":36,"93":36,"94":70,"95":43,"96":43,"97":43,"98":43,"99":43,"100":43,"101":43,"102":43,"103":16,"104":16,"105":8,"106":8,"107":8,"108":8,"109":111,"110":111,"111":69,"112":39,"113":30,"114":14,"115":14,"116":14,"117":8,"118":6,"119":1503,"120":1503,"121":18,"122":18,"123":18,"124":18,"125":0,"126":132,"127":132,"128":132,"129":132,"130":132,"131":132,"132":132,"133":132,"134":132,"135":132,"136":132,"137":132,"138":132,"139":25,"140":25,"141":132,"142":26,"143":26,"144":132,"145":29,"146":29,"147":103,"148":103,"149":103,"150":61,"151":38,"152":38,"153":38,"154":1,"155":23,"156":23,"157":0,"158":0,"159":26,"160":26,"161":26,"162":26,"163":26,"164":26,"165":26,"166":26,"167":26,"168":26,"169":26,"170":26,"171":26,"172":26,"173":26,"174":26,"175":26,"176":26,"177":26,"178":26,"179":26,"180":15,"181":15,"182":26,"183":15,"184":15,"185":26,"186":8,"187":8,"188":26,"189":15,"190":15,"191":26,"192":15,"193":15,"194":11,"195":11,"196":11,"197":11,"198":5,"199":5,"200":5,"201":0,"202":0,"203":0,"204":5,"205":5,"206":6,"207":6,"208":0,"209":0,"210":4450,"211":42,"212":42,"213":42,"214":42,"215":11,"216":31,"217":4450,"218":49,"219":1,"220":890,"221":0,"222":0,"223":0,"224":0,"225":0,"226":0,"227":0,"228":890,"229":0,"230":0,"231":81,"232":1501,"233":1501,"234":906,"235":1501,"236":16,"237":16,"238":1485,"239":1485,"240":1485,"241":890,"242":1485,"243":890,"244":1485,"245":1485,"246":1485,"247":890,"248":1485,"249":890,"250":1485,"251":1485,"252":1485,"253":1485,"254":1485,"255":890,"256":1485,"257":890,"258":1485,"259":890,"260":890,"261":890,"262":890,"263":39,"264":1485,"265":890,"266":1485,"267":1410,"268":14,"269":14,"270":14,"271":14,"272":1485,"273":1485,"274":1485,"275":1485,"276":1485,"277":1485,"278":1485,"279":1485,"280":1485,"281":1485,"282":1485,"283":1485,"284":1485,"285":1485,"286":1485,"287":1485,"288":1485,"289":1485,"290":1485,"291":1485,"292":1485,"293":1485},"f":{"0":196,"1":45,"2":211,"3":30,"4":86,"5":136,"6":381,"7":11,"8":80,"9":159,"10":43,"11":116,"12":230,"13":36,"14":70,"15":43,"16":16,"17":111,"18":111,"19":69,"20":14,"21":14,"22":14,"23":1503,"24":18,"25":132,"26":1,"27":26,"28":0,"29":4450,"30":42,"31":49,"32":890,"33":0,"34":0,"35":1501,"36":39,"37":1410,"38":14},"b":{"0":[16,180],"1":[196,180],"2":[46,134],"3":[180,135],"4":[2,132],"5":[0,132],"6":[16,29],"7":[45,29],"8":[15,14],"9":[10,201],"10":[211,201],"11":[41,160],"12":[1,159],"13":[1,158],"14":[1,157],"15":[15,142],"16":[157,62],"17":[75,67],"18":[142,67],"19":[9,21],"20":[30,21],"21":[9,12],"22":[1,85],"23":[128,8],"24":[26,355],"25":[381,0],"26":[80,0],"27":[159,0],"28":[1,42],"29":[42,0],"30":[116,0],"31":[116,116],"32":[36,0],"33":[43,0],"34":[43,43,43],"35":[8,8],"36":[39,30],"37":[69,40],"38":[8,6],"39":[18,0],"40":[18,18],"41":[18,0],"42":[25,107],"43":[26,106],"44":[29,103],"45":[38,23],"46":[15,11],"47":[15,11],"48":[8,18],"49":[15,11],"50":[15,11],"51":[5,6],"52":[0,5],"53":[42,0],"54":[11,31],"55":[1,48],"56":[0,0],"57":[0,0],"58":[0,0],"59":[906,595],"60":[16,1485],"61":[890,595],"62":[890,595],"63":[890,595],"64":[890,595],"65":[890,595],"66":[890,595],"67":[890,595],"68":[890,0],"69":[890,595],"70":[1485,890],"71":[14,0],"72":[14,0],"73":[1485,0]},"_coverageSchema":"1a1c01bbd47fc00a2c39e90264f33305004495a9","hash":"22b6cd59e05e691c2c4e27c3788359c9577a84b5"}
,"/Users/aapark/development/the_daily_undertaking_ui/js/script.js": {"path":"/Users/aapark/development/the_daily_undertaking_ui/js/script.js","statementMap":{"0":{"start":{"line":4,"column":2},"end":{"line":4,"column":39}},"1":{"start":{"line":5,"column":18},"end":{"line":5,"column":43}},"2":{"start":{"line":6,"column":2},"end":{"line":6,"column":40}},"3":{"start":{"line":10,"column":18},"end":{"line":10,"column":57}},"4":{"start":{"line":11,"column":0},"end":{"line":19,"column":3}},"5":{"start":{"line":12,"column":2},"end":{"line":18,"column":5}},"6":{"start":{"line":13,"column":4},"end":{"line":13,"column":61}},"7":{"start":{"line":13,"column":30},"end":{"line":13,"column":59}},"8":{"start":{"line":14,"column":4},"end":{"line":14,"column":33}},"9":{"start":{"line":17,"column":4},"end":{"line":17,"column":53}},"10":{"start":{"line":22,"column":21},"end":{"line":22,"column":60}},"11":{"start":{"line":23,"column":19},"end":{"line":23,"column":56}},"12":{"start":{"line":25,"column":0},"end":{"line":51,"column":3}},"13":{"start":{"line":26,"column":2},"end":{"line":50,"column":3}},"14":{"start":{"line":27,"column":4},"end":{"line":27,"column":23}},"15":{"start":{"line":28,"column":20},"end":{"line":28,"column":45}},"16":{"start":{"line":30,"column":4},"end":{"line":49,"column":5}},"17":{"start":{"line":32,"column":25},"end":{"line":32,"column":54}},"18":{"start":{"line":33,"column":6},"end":{"line":33,"column":43}},"19":{"start":{"line":34,"column":6},"end":{"line":34,"column":66}},"20":{"start":{"line":35,"column":6},"end":{"line":35,"column":41}},"21":{"start":{"line":38,"column":6},"end":{"line":45,"column":14}},"22":{"start":{"line":39,"column":28},"end":{"line":39,"column":57}},"23":{"start":{"line":40,"column":8},"end":{"line":40,"column":46}},"24":{"start":{"line":41,"column":8},"end":{"line":42,"column":102}},"25":{"start":{"line":43,"column":8},"end":{"line":43,"column":44}},"26":{"start":{"line":44,"column":8},"end":{"line":44,"column":55}},"27":{"start":{"line":47,"column":6},"end":{"line":47,"column":30}},"28":{"start":{"line":48,"column":6},"end":{"line":48,"column":53}},"29":{"start":{"line":60,"column":2},"end":{"line":82,"column":3}},"30":{"start":{"line":62,"column":4},"end":{"line":62,"column":66}},"31":{"start":{"line":63,"column":4},"end":{"line":63,"column":61}},"32":{"start":{"line":64,"column":4},"end":{"line":64,"column":74}},"33":{"start":{"line":66,"column":4},"end":{"line":70,"column":5}},"34":{"start":{"line":67,"column":6},"end":{"line":67,"column":68}},"35":{"start":{"line":68,"column":6},"end":{"line":68,"column":84}},"36":{"start":{"line":69,"column":6},"end":{"line":69,"column":96}},"37":{"start":{"line":71,"column":9},"end":{"line":82,"column":3}},"38":{"start":{"line":73,"column":4},"end":{"line":73,"column":49}},"39":{"start":{"line":74,"column":4},"end":{"line":74,"column":59}},"40":{"start":{"line":75,"column":4},"end":{"line":75,"column":65}},"41":{"start":{"line":77,"column":4},"end":{"line":81,"column":5}},"42":{"start":{"line":78,"column":6},"end":{"line":78,"column":68}},"43":{"start":{"line":79,"column":6},"end":{"line":79,"column":72}},"44":{"start":{"line":80,"column":6},"end":{"line":80,"column":90}},"45":{"start":{"line":85,"column":2},"end":{"line":87,"column":3}},"46":{"start":{"line":86,"column":4},"end":{"line":86,"column":65}},"47":{"start":{"line":91,"column":2},"end":{"line":91,"column":66}},"48":{"start":{"line":95,"column":0},"end":{"line":99,"column":1}},"49":{"start":{"line":96,"column":2},"end":{"line":96,"column":39}},"50":{"start":{"line":97,"column":2},"end":{"line":97,"column":39}},"51":{"start":{"line":98,"column":2},"end":{"line":98,"column":41}},"52":{"start":{"line":102,"column":0},"end":{"line":136,"column":3}},"53":{"start":{"line":103,"column":16},"end":{"line":103,"column":52}},"54":{"start":{"line":106,"column":2},"end":{"line":110,"column":5}},"55":{"start":{"line":107,"column":4},"end":{"line":109,"column":5}},"56":{"start":{"line":108,"column":6},"end":{"line":108,"column":23}},"57":{"start":{"line":113,"column":25},"end":{"line":113,"column":69}},"58":{"start":{"line":114,"column":2},"end":{"line":119,"column":5}},"59":{"start":{"line":115,"column":4},"end":{"line":115,"column":34}},"60":{"start":{"line":116,"column":4},"end":{"line":118,"column":7}},"61":{"start":{"line":117,"column":6},"end":{"line":117,"column":26}},"62":{"start":{"line":122,"column":25},"end":{"line":122,"column":76}},"63":{"start":{"line":123,"column":2},"end":{"line":128,"column":5}},"64":{"start":{"line":124,"column":4},"end":{"line":124,"column":34}},"65":{"start":{"line":125,"column":4},"end":{"line":127,"column":7}},"66":{"start":{"line":126,"column":6},"end":{"line":126,"column":26}},"67":{"start":{"line":131,"column":2},"end":{"line":135,"column":5}},"68":{"start":{"line":132,"column":4},"end":{"line":134,"column":5}},"69":{"start":{"line":133,"column":6},"end":{"line":133,"column":23}}},"fnMap":{"0":{"name":"toggleSection","decl":{"start":{"line":3,"column":9},"end":{"line":3,"column":22}},"loc":{"start":{"line":3,"column":31},"end":{"line":7,"column":1}},"line":3},"1":{"name":"(anonymous_1)","decl":{"start":{"line":11,"column":18},"end":{"line":11,"column":19}},"loc":{"start":{"line":11,"column":28},"end":{"line":19,"column":1}},"line":11},"2":{"name":"(anonymous_2)","decl":{"start":{"line":12,"column":33},"end":{"line":12,"column":34}},"loc":{"start":{"line":12,"column":39},"end":{"line":18,"column":3}},"line":12},"3":{"name":"(anonymous_3)","decl":{"start":{"line":13,"column":22},"end":{"line":13,"column":23}},"loc":{"start":{"line":13,"column":30},"end":{"line":13,"column":59}},"line":13},"4":{"name":"(anonymous_4)","decl":{"start":{"line":25,"column":41},"end":{"line":25,"column":42}},"loc":{"start":{"line":25,"column":48},"end":{"line":51,"column":1}},"line":25},"5":{"name":"(anonymous_5)","decl":{"start":{"line":38,"column":17},"end":{"line":38,"column":18}},"loc":{"start":{"line":38,"column":23},"end":{"line":45,"column":7}},"line":38},"6":{"name":"openItemModal","decl":{"start":{"line":54,"column":9},"end":{"line":54,"column":22}},"loc":{"start":{"line":54,"column":36},"end":{"line":88,"column":1}},"line":54},"7":{"name":"closeItemModal","decl":{"start":{"line":90,"column":9},"end":{"line":90,"column":23}},"loc":{"start":{"line":90,"column":26},"end":{"line":92,"column":1}},"line":90},"8":{"name":"(anonymous_8)","decl":{"start":{"line":102,"column":46},"end":{"line":102,"column":47}},"loc":{"start":{"line":102,"column":52},"end":{"line":136,"column":1}},"line":102},"9":{"name":"(anonymous_9)","decl":{"start":{"line":106,"column":34},"end":{"line":106,"column":35}},"loc":{"start":{"line":106,"column":41},"end":{"line":110,"column":3}},"line":106},"10":{"name":"(anonymous_10)","decl":{"start":{"line":114,"column":25},"end":{"line":114,"column":26}},"loc":{"start":{"line":114,"column":35},"end":{"line":119,"column":3}},"line":114},"11":{"name":"(anonymous_11)","decl":{"start":{"line":116,"column":35},"end":{"line":116,"column":36}},"loc":{"start":{"line":116,"column":47},"end":{"line":118,"column":5}},"line":116},"12":{"name":"(anonymous_12)","decl":{"start":{"line":123,"column":25},"end":{"line":123,"column":26}},"loc":{"start":{"line":123,"column":35},"end":{"line":128,"column":3}},"line":123},"13":{"name":"(anonymous_13)","decl":{"start":{"line":125,"column":35},"end":{"line":125,"column":36}},"loc":{"start":{"line":125,"column":47},"end":{"line":127,"column":5}},"line":125},"14":{"name":"(anonymous_14)","decl":{"start":{"line":131,"column":39},"end":{"line":131,"column":40}},"loc":{"start":{"line":131,"column":46},"end":{"line":135,"column":3}},"line":131}},"branchMap":{"0":{"loc":{"start":{"line":26,"column":2},"end":{"line":50,"column":3}},"type":"if","locations":[{"start":{"line":26,"column":2},"end":{"line":50,"column":3}},{"start":{},"end":{}}],"line":26},"1":{"loc":{"start":{"line":26,"column":6},"end":{"line":26,"column":38}},"type":"binary-expr","locations":[{"start":{"line":26,"column":6},"end":{"line":26,"column":23}},{"start":{"line":26,"column":27},"end":{"line":26,"column":38}}],"line":26},"2":{"loc":{"start":{"line":30,"column":4},"end":{"line":49,"column":5}},"type":"if","locations":[{"start":{"line":30,"column":4},"end":{"line":49,"column":5}},{"start":{},"end":{}}],"line":30},"3":{"loc":{"start":{"line":60,"column":2},"end":{"line":82,"column":3}},"type":"if","locations":[{"start":{"line":60,"column":2},"end":{"line":82,"column":3}},{"start":{"line":71,"column":9},"end":{"line":82,"column":3}}],"line":60},"4":{"loc":{"start":{"line":66,"column":4},"end":{"line":70,"column":5}},"type":"if","locations":[{"start":{"line":66,"column":4},"end":{"line":70,"column":5}},{"start":{},"end":{}}],"line":66},"5":{"loc":{"start":{"line":66,"column":8},"end":{"line":66,"column":49}},"type":"binary-expr","locations":[{"start":{"line":66,"column":8},"end":{"line":66,"column":17}},{"start":{"line":66,"column":21},"end":{"line":66,"column":30}},{"start":{"line":66,"column":34},"end":{"line":66,"column":49}}],"line":66},"6":{"loc":{"start":{"line":71,"column":9},"end":{"line":82,"column":3}},"type":"if","locations":[{"start":{"line":71,"column":9},"end":{"line":82,"column":3}},{"start":{},"end":{}}],"line":71},"7":{"loc":{"start":{"line":77,"column":4},"end":{"line":81,"column":5}},"type":"if","locations":[{"start":{"line":77,"column":4},"end":{"line":81,"column":5}},{"start":{},"end":{}}],"line":77},"8":{"loc":{"start":{"line":77,"column":8},"end":{"line":77,"column":47}},"type":"binary-expr","locations":[{"start":{"line":77,"column":8},"end":{"line":77,"column":17}},{"start":{"line":77,"column":21},"end":{"line":77,"column":34}},{"start":{"line":77,"column":38},"end":{"line":77,"column":47}}],"line":77},"9":{"loc":{"start":{"line":80,"column":68},"end":{"line":80,"column":89}},"type":"binary-expr","locations":[{"start":{"line":80,"column":68},"end":{"line":80,"column":83}},{"start":{"line":80,"column":87},"end":{"line":80,"column":89}}],"line":80},"10":{"loc":{"start":{"line":85,"column":2},"end":{"line":87,"column":3}},"type":"if","locations":[{"start":{"line":85,"column":2},"end":{"line":87,"column":3}},{"start":{},"end":{}}],"line":85},"11":{"loc":{"start":{"line":85,"column":6},"end":{"line":85,"column":32}},"type":"binary-expr","locations":[{"start":{"line":85,"column":6},"end":{"line":85,"column":15}},{"start":{"line":85,"column":19},"end":{"line":85,"column":32}}],"line":85},"12":{"loc":{"start":{"line":95,"column":0},"end":{"line":99,"column":1}},"type":"if","locations":[{"start":{"line":95,"column":0},"end":{"line":99,"column":1}},{"start":{},"end":{}}],"line":95},"13":{"loc":{"start":{"line":107,"column":4},"end":{"line":109,"column":5}},"type":"if","locations":[{"start":{"line":107,"column":4},"end":{"line":109,"column":5}},{"start":{},"end":{}}],"line":107},"14":{"loc":{"start":{"line":132,"column":4},"end":{"line":134,"column":5}},"type":"if","locations":[{"start":{"line":132,"column":4},"end":{"line":134,"column":5}},{"start":{},"end":{}}],"line":132}},"s":{"0":2,"1":2,"2":2,"3":8,"4":8,"5":16,"6":1,"7":2,"8":1,"9":1,"10":8,"11":8,"12":8,"13":2,"14":1,"15":1,"16":1,"17":1,"18":1,"19":1,"20":1,"21":1,"22":0,"23":0,"24":0,"25":0,"26":0,"27":1,"28":1,"29":2,"30":1,"31":1,"32":1,"33":1,"34":1,"35":1,"36":1,"37":1,"38":1,"39":1,"40":1,"41":1,"42":1,"43":1,"44":1,"45":2,"46":2,"47":37,"48":8,"49":8,"50":8,"51":8,"52":8,"53":36,"54":36,"55":0,"56":0,"57":36,"58":36,"59":36,"60":36,"61":0,"62":36,"63":36,"64":36,"65":36,"66":0,"67":36,"68":72,"69":36},"f":{"0":2,"1":16,"2":1,"3":2,"4":2,"5":0,"6":2,"7":37,"8":36,"9":0,"10":36,"11":0,"12":36,"13":0,"14":72},"b":{"0":[1,1],"1":[2,2],"2":[1,0],"3":[1,1],"4":[1,0],"5":[1,1,1],"6":[1,0],"7":[1,0],"8":[1,1,1],"9":[1,0],"10":[2,0],"11":[2,2],"12":[8,0],"13":[0,0],"14":[36,36]},"_coverageSchema":"1a1c01bbd47fc00a2c39e90264f33305004495a9","hash":"72ddc1d9d9e012d4fd1e70aa99ef0af38ef6a4c4"}
}
