TN:
SF:js/landing.js
FN:13,validateUsername
FN:50,validateEmail
FN:73,validatePassword
FN:136,validatePasswordMatch
FN:153,sanitizeInput
FN:168,showFieldError
FN:183,hideFieldError
FN:203,markFieldValid
FN:213,showFormError
FN:225,hideFormError
FN:238,updatePasswordStrength
FN:264,showLoadingModal
FN:275,(anonymous_12)
FN:283,hideLoadingModal
FN:291,(anonymous_14)
FN:300,showSuccessModal
FN:320,togglePasswordVisibility
FN:340,authenticateUser
FN:341,(anonymous_18)
FN:342,(anonymous_19)
FN:367,registerUser
FN:368,(anonymous_21)
FN:369,(anonymous_22)
FN:389,isAuthenticated
FN:397,redirectToGame
FN:416,handleLoginSubmit
FN:466,(anonymous_26)
FN:483,handleRegisterSubmit
FN:553,(anonymous_28)
FN:578,attachFieldValidation
FN:579,(anonymous_30)
FN:593,(anonymous_31)
FN:605,attachPasswordMatchValidation
FN:606,(anonymous_33)
FN:621,(anonymous_34)
FN:630,(anonymous_35)
FN:688,(anonymous_36)
FN:699,(anonymous_37)
FN:700,(anonymous_38)
FNF:39
FNH:36
FNDA:196,validateUsername
FNDA:45,validateEmail
FNDA:211,validatePassword
FNDA:30,validatePasswordMatch
FNDA:86,sanitizeInput
FNDA:136,showFieldError
FNDA:381,hideFieldError
FNDA:11,markFieldValid
FNDA:80,showFormError
FNDA:159,hideFormError
FNDA:43,updatePasswordStrength
FNDA:116,showLoadingModal
FNDA:230,(anonymous_12)
FNDA:36,hideLoadingModal
FNDA:70,(anonymous_14)
FNDA:43,showSuccessModal
FNDA:16,togglePasswordVisibility
FNDA:111,authenticateUser
FNDA:111,(anonymous_18)
FNDA:69,(anonymous_19)
FNDA:14,registerUser
FNDA:14,(anonymous_21)
FNDA:14,(anonymous_22)
FNDA:1503,isAuthenticated
FNDA:18,redirectToGame
FNDA:132,handleLoginSubmit
FNDA:1,(anonymous_26)
FNDA:26,handleRegisterSubmit
FNDA:0,(anonymous_28)
FNDA:4450,attachFieldValidation
FNDA:42,(anonymous_30)
FNDA:49,(anonymous_31)
FNDA:890,attachPasswordMatchValidation
FNDA:0,(anonymous_33)
FNDA:0,(anonymous_34)
FNDA:1501,(anonymous_35)
FNDA:39,(anonymous_36)
FNDA:1410,(anonymous_37)
FNDA:14,(anonymous_38)
DA:14,196
DA:15,16
DA:18,180
DA:20,180
DA:21,46
DA:27,134
DA:28,134
DA:29,2
DA:35,132
DA:36,0
DA:42,132
DA:51,45
DA:52,16
DA:55,29
DA:56,29
DA:58,29
DA:59,15
DA:65,14
DA:74,211
DA:75,10
DA:82,201
DA:83,41
DA:90,160
DA:91,160
DA:92,160
DA:93,160
DA:95,160
DA:96,1
DA:103,159
DA:104,1
DA:111,158
DA:112,1
DA:120,157
DA:121,157
DA:122,15
DA:123,142
DA:124,75
DA:127,157
DA:137,30
DA:138,9
DA:141,21
DA:142,9
DA:145,12
DA:154,86
DA:156,85
DA:157,85
DA:158,85
DA:169,136
DA:170,136
DA:172,136
DA:173,128
DA:174,128
DA:175,128
DA:184,381
DA:185,381
DA:188,381
DA:189,26
DA:190,26
DA:193,381
DA:194,381
DA:195,381
DA:204,11
DA:205,11
DA:214,80
DA:215,80
DA:216,80
DA:217,80
DA:226,159
DA:227,159
DA:228,159
DA:229,159
DA:239,43
DA:240,43
DA:241,43
DA:243,43
DA:244,1
DA:245,1
DA:246,1
DA:249,42
DA:251,42
DA:257,42
DA:265,116
DA:266,116
DA:268,116
DA:269,116
DA:270,116
DA:271,116
DA:275,116
DA:276,230
DA:284,36
DA:286,36
DA:287,36
DA:291,36
DA:292,70
DA:301,43
DA:302,43
DA:303,43
DA:305,43
DA:306,43
DA:307,43
DA:308,43
DA:309,43
DA:321,16
DA:323,16
DA:324,8
DA:325,8
DA:327,8
DA:328,8
DA:341,111
DA:342,111
DA:344,69
DA:345,39
DA:350,30
DA:368,14
DA:369,14
DA:371,14
DA:372,8
DA:377,6
DA:390,1503
DA:391,1503
DA:400,18
DA:402,18
DA:403,18
DA:405,18
DA:407,0
DA:417,132
DA:419,132
DA:420,132
DA:421,132
DA:423,132
DA:424,132
DA:427,132
DA:428,132
DA:429,132
DA:432,132
DA:433,132
DA:435,132
DA:437,132
DA:438,25
DA:439,25
DA:442,132
DA:443,26
DA:444,26
DA:447,132
DA:448,29
DA:449,29
DA:453,103
DA:455,103
DA:456,103
DA:458,61
DA:460,38
DA:463,38
DA:466,38
DA:467,1
DA:470,23
DA:471,23
DA:474,0
DA:475,0
DA:484,26
DA:486,26
DA:487,26
DA:488,26
DA:489,26
DA:490,26
DA:492,26
DA:493,26
DA:494,26
DA:495,26
DA:498,26
DA:499,26
DA:500,26
DA:501,26
DA:502,26
DA:505,26
DA:506,26
DA:507,26
DA:508,26
DA:510,26
DA:512,26
DA:513,15
DA:514,15
DA:517,26
DA:518,15
DA:519,15
DA:522,26
DA:523,8
DA:524,8
DA:527,26
DA:528,15
DA:529,15
DA:532,26
DA:533,15
DA:534,15
DA:538,11
DA:540,11
DA:541,11
DA:543,11
DA:545,5
DA:548,5
DA:550,5
DA:551,0
DA:553,0
DA:554,0
DA:557,5
DA:558,5
DA:564,6
DA:565,6
DA:568,0
DA:569,0
DA:579,4450
DA:580,42
DA:582,42
DA:583,42
DA:585,42
DA:586,11
DA:588,31
DA:593,4450
DA:594,49
DA:595,1
DA:606,890
DA:607,0
DA:608,0
DA:610,0
DA:611,0
DA:613,0
DA:614,0
DA:616,0
DA:621,890
DA:622,0
DA:623,0
DA:630,81
DA:632,1501
DA:633,1501
DA:634,906
DA:638,1501
DA:639,16
DA:640,16
DA:644,1485
DA:645,1485
DA:648,1485
DA:649,890
DA:652,1485
DA:653,890
DA:657,1485
DA:658,1485
DA:660,1485
DA:661,890
DA:664,1485
DA:665,890
DA:669,1485
DA:670,1485
DA:671,1485
DA:672,1485
DA:674,1485
DA:675,890
DA:678,1485
DA:679,890
DA:682,1485
DA:683,890
DA:686,890
DA:687,890
DA:688,890
DA:689,39
DA:694,1485
DA:695,890
DA:699,1485
DA:700,1410
DA:702,14
DA:703,14
DA:704,14
DA:705,14
DA:711,1485
DA:712,1485
DA:713,1485
DA:714,1485
DA:715,1485
DA:716,1485
DA:717,1485
DA:718,1485
DA:719,1485
DA:720,1485
DA:721,1485
DA:722,1485
DA:723,1485
DA:724,1485
DA:725,1485
DA:726,1485
DA:727,1485
DA:728,1485
DA:729,1485
DA:730,1485
DA:731,1485
DA:732,1485
LF:293
LH:275
BRDA:14,0,0,16
BRDA:14,0,1,180
BRDA:14,1,0,196
BRDA:14,1,1,180
BRDA:20,2,0,46
BRDA:20,2,1,134
BRDA:20,3,0,180
BRDA:20,3,1,135
BRDA:28,4,0,2
BRDA:28,4,1,132
BRDA:35,5,0,0
BRDA:35,5,1,132
BRDA:51,6,0,16
BRDA:51,6,1,29
BRDA:51,7,0,45
BRDA:51,7,1,29
BRDA:58,8,0,15
BRDA:58,8,1,14
BRDA:74,9,0,10
BRDA:74,9,1,201
BRDA:74,10,0,211
BRDA:74,10,1,201
BRDA:82,11,0,41
BRDA:82,11,1,160
BRDA:95,12,0,1
BRDA:95,12,1,159
BRDA:103,13,0,1
BRDA:103,13,1,158
BRDA:111,14,0,1
BRDA:111,14,1,157
BRDA:121,15,0,15
BRDA:121,15,1,142
BRDA:121,16,0,157
BRDA:121,16,1,62
BRDA:123,17,0,75
BRDA:123,17,1,67
BRDA:123,18,0,142
BRDA:123,18,1,67
BRDA:137,19,0,9
BRDA:137,19,1,21
BRDA:137,20,0,30
BRDA:137,20,1,21
BRDA:141,21,0,9
BRDA:141,21,1,12
BRDA:154,22,0,1
BRDA:154,22,1,85
BRDA:172,23,0,128
BRDA:172,23,1,8
BRDA:188,24,0,26
BRDA:188,24,1,355
BRDA:193,25,0,381
BRDA:193,25,1,0
BRDA:215,26,0,80
BRDA:215,26,1,0
BRDA:227,27,0,159
BRDA:227,27,1,0
BRDA:243,28,0,1
BRDA:243,28,1,42
BRDA:257,29,0,42
BRDA:257,29,1,0
BRDA:268,30,0,116
BRDA:268,30,1,0
BRDA:268,31,0,116
BRDA:268,31,1,116
BRDA:286,32,0,36
BRDA:286,32,1,0
BRDA:305,33,0,43
BRDA:305,33,1,0
BRDA:305,34,0,43
BRDA:305,34,1,43
BRDA:305,34,2,43
BRDA:323,35,0,8
BRDA:323,35,1,8
BRDA:344,36,0,39
BRDA:344,36,1,30
BRDA:344,37,0,69
BRDA:344,37,1,40
BRDA:371,38,0,8
BRDA:371,38,1,6
BRDA:400,39,0,18
BRDA:400,39,1,0
BRDA:400,40,0,18
BRDA:400,40,1,18
BRDA:402,41,0,18
BRDA:402,41,1,0
BRDA:437,42,0,25
BRDA:437,42,1,107
BRDA:442,43,0,26
BRDA:442,43,1,106
BRDA:447,44,0,29
BRDA:447,44,1,103
BRDA:458,45,0,38
BRDA:458,45,1,23
BRDA:512,46,0,15
BRDA:512,46,1,11
BRDA:517,47,0,15
BRDA:517,47,1,11
BRDA:522,48,0,8
BRDA:522,48,1,18
BRDA:527,49,0,15
BRDA:527,49,1,11
BRDA:532,50,0,15
BRDA:532,50,1,11
BRDA:543,51,0,5
BRDA:543,51,1,6
BRDA:550,52,0,0
BRDA:550,52,1,5
BRDA:582,53,0,42
BRDA:582,53,1,0
BRDA:585,54,0,11
BRDA:585,54,1,31
BRDA:594,55,0,1
BRDA:594,55,1,48
BRDA:610,56,0,0
BRDA:610,56,1,0
BRDA:613,57,0,0
BRDA:613,57,1,0
BRDA:622,58,0,0
BRDA:622,58,1,0
BRDA:633,59,0,906
BRDA:633,59,1,595
BRDA:638,60,0,16
BRDA:638,60,1,1485
BRDA:648,61,0,890
BRDA:648,61,1,595
BRDA:652,62,0,890
BRDA:652,62,1,595
BRDA:660,63,0,890
BRDA:660,63,1,595
BRDA:664,64,0,890
BRDA:664,64,1,595
BRDA:674,65,0,890
BRDA:674,65,1,595
BRDA:678,66,0,890
BRDA:678,66,1,595
BRDA:682,67,0,890
BRDA:682,67,1,595
BRDA:687,68,0,890
BRDA:687,68,1,0
BRDA:694,69,0,890
BRDA:694,69,1,595
BRDA:694,70,0,1485
BRDA:694,70,1,890
BRDA:702,71,0,14
BRDA:702,71,1,0
BRDA:704,72,0,14
BRDA:704,72,1,0
BRDA:711,73,0,1485
BRDA:711,73,1,0
BRF:149
BRH:127
end_of_record
TN:
SF:js/script.js
FN:3,toggleSection
FN:11,(anonymous_1)
FN:12,(anonymous_2)
FN:13,(anonymous_3)
FN:25,(anonymous_4)
FN:38,(anonymous_5)
FN:54,openItemModal
FN:90,closeItemModal
FN:102,(anonymous_8)
FN:106,(anonymous_9)
FN:114,(anonymous_10)
FN:116,(anonymous_11)
FN:123,(anonymous_12)
FN:125,(anonymous_13)
FN:131,(anonymous_14)
FNF:15
FNH:11
FNDA:2,toggleSection
FNDA:16,(anonymous_1)
FNDA:1,(anonymous_2)
FNDA:2,(anonymous_3)
FNDA:2,(anonymous_4)
FNDA:0,(anonymous_5)
FNDA:2,openItemModal
FNDA:37,closeItemModal
FNDA:36,(anonymous_8)
FNDA:0,(anonymous_9)
FNDA:36,(anonymous_10)
FNDA:0,(anonymous_11)
FNDA:36,(anonymous_12)
FNDA:0,(anonymous_13)
FNDA:72,(anonymous_14)
DA:4,2
DA:5,2
DA:6,2
DA:10,8
DA:11,8
DA:12,16
DA:13,2
DA:14,1
DA:17,1
DA:22,8
DA:23,8
DA:25,8
DA:26,2
DA:27,1
DA:28,1
DA:30,1
DA:32,1
DA:33,1
DA:34,1
DA:35,1
DA:38,1
DA:39,0
DA:40,0
DA:41,0
DA:43,0
DA:44,0
DA:47,1
DA:48,1
DA:60,2
DA:62,1
DA:63,1
DA:64,1
DA:66,1
DA:67,1
DA:68,1
DA:69,1
DA:71,1
DA:73,1
DA:74,1
DA:75,1
DA:77,1
DA:78,1
DA:79,1
DA:80,1
DA:85,2
DA:86,2
DA:91,37
DA:95,8
DA:96,8
DA:97,8
DA:98,8
DA:102,8
DA:103,36
DA:106,36
DA:107,0
DA:108,0
DA:113,36
DA:114,36
DA:115,36
DA:116,36
DA:117,0
DA:122,36
DA:123,36
DA:124,36
DA:125,36
DA:126,0
DA:131,36
DA:132,72
DA:133,36
LF:69
LH:60
BRDA:26,0,0,1
BRDA:26,0,1,1
BRDA:26,1,0,2
BRDA:26,1,1,2
BRDA:30,2,0,1
BRDA:30,2,1,0
BRDA:60,3,0,1
BRDA:60,3,1,1
BRDA:66,4,0,1
BRDA:66,4,1,0
BRDA:66,5,0,1
BRDA:66,5,1,1
BRDA:66,5,2,1
BRDA:71,6,0,1
BRDA:71,6,1,0
BRDA:77,7,0,1
BRDA:77,7,1,0
BRDA:77,8,0,1
BRDA:77,8,1,1
BRDA:77,8,2,1
BRDA:80,9,0,1
BRDA:80,9,1,0
BRDA:85,10,0,2
BRDA:85,10,1,0
BRDA:85,11,0,2
BRDA:85,11,1,2
BRDA:95,12,0,8
BRDA:95,12,1,0
BRDA:107,13,0,0
BRDA:107,13,1,0
BRDA:132,14,0,36
BRDA:132,14,1,36
BRF:32
BRH:23
end_of_record
